[0mPOST /post [32m200 [0m2.320 ms - 61[0m
::1 - - [07/Oct/2019:03:57:39 +0000] "POST /post HTTP/1.1" 200 61 "-" "PostmanRuntime/7.6.0"
::1 - - [07/Oct/2019:03:59:17 +0000] "GET /a HTTP/1.1" 404 140 "-" "Mozilla/5.0 (X11; Linux x86_64) AppleWebKit/537.36 (KHTML, like Gecko) Chrome/77.0.3865.90 Safari/537.36"
::1 - - [07/Oct/2019:04:00:16 +0000] "GET /a HTTP/1.1" 404 140 "-" "Mozilla/5.0 (X11; Linux x86_64) AppleWebKit/537.36 (KHTML, like Gecko) Chrome/77.0.3865.90 Safari/537.36"
::1 - - [07/Oct/2019:04:00:19 +0000] "GET /a HTTP/1.1" 404 140 "-" "Mozilla/5.0 (X11; Linux x86_64) AppleWebKit/537.36 (KHTML, like Gecko) Chrome/77.0.3865.90 Safari/537.36"
::1 - - [07/Oct/2019:04:00:28 +0000] "GET /a HTTP/1.1" 404 140 "-" "Mozilla/5.0 (X11; Linux x86_64) AppleWebKit/537.36 (KHTML, like Gecko) Chrome/77.0.3865.90 Safari/537.36"
::1 - - [07/Oct/2019:04:02:01 +0000] "GET /a HTTP/1.1" 200 13 "-" "Mozilla/5.0 (X11; Linux x86_64) AppleWebKit/537.36 (KHTML, like Gecko) Chrome/77.0.3865.90 Safari/537.36"
::1 - - [07/Oct/2019:04:02:01 +0000] "GET /favicon.ico HTTP/1.1" 200 13 "http://localhost:3000/a" "Mozilla/5.0 (X11; Linux x86_64) AppleWebKit/537.36 (KHTML, like Gecko) Chrome/77.0.3865.90 Safari/537.36"
::1 - - [07/Oct/2019:04:02:33 +0000] "GET /a HTTP/1.1" 304 - "-" "Mozilla/5.0 (X11; Linux x86_64) AppleWebKit/537.36 (KHTML, like Gecko) Chrome/77.0.3865.90 Safari/537.36"
::1 - - [07/Oct/2019:04:02:33 +0000] "GET /favicon.ico HTTP/1.1" 200 13 "http://localhost:3000/a" "Mozilla/5.0 (X11; Linux x86_64) AppleWebKit/537.36 (KHTML, like Gecko) Chrome/77.0.3865.90 Safari/537.36"
::1 - - [07/Oct/2019:04:03:09 +0000] "GET /a HTTP/1.1" 304 - "-" "Mozilla/5.0 (X11; Linux x86_64) AppleWebKit/537.36 (KHTML, like Gecko) Chrome/77.0.3865.90 Safari/537.36"
::1 - - [07/Oct/2019:04:03:09 +0000] "GET /favicon.ico HTTP/1.1" 200 13 "http://localhost:3000/a" "Mozilla/5.0 (X11; Linux x86_64) AppleWebKit/537.36 (KHTML, like Gecko) Chrome/77.0.3865.90 Safari/537.36"
::1 - - [07/Oct/2019:04:03:13 +0000] "GET /a HTTP/1.1" 304 - "-" "Mozilla/5.0 (X11; Linux x86_64) AppleWebKit/537.36 (KHTML, like Gecko) Chrome/77.0.3865.90 Safari/537.36"
::1 - - [07/Oct/2019:04:03:13 +0000] "GET /favicon.ico HTTP/1.1" 200 13 "http://localhost:3000/a" "Mozilla/5.0 (X11; Linux x86_64) AppleWebKit/537.36 (KHTML, like Gecko) Chrome/77.0.3865.90 Safari/537.36"
::1 - - [07/Oct/2019:04:05:49 +0000] "POST /post HTTP/1.1" 200 34 "-" "PostmanRuntime/7.6.0"
::1 - - [07/Oct/2019:04:07:26 +0000] "POST /post HTTP/1.1" 500 33 "-" "PostmanRuntime/7.6.0"
::1 - - [07/Oct/2019:04:09:12 +0000] "POST /post HTTP/1.1" 500 59 "-" "PostmanRuntime/7.6.0"
::1 - - [07/Oct/2019:04:09:29 +0000] "POST /login HTTP/1.1" 200 13 "-" "PostmanRuntime/7.6.0"
::1 - - [07/Oct/2019:04:09:35 +0000] "POST /user/login HTTP/1.1" 200 165 "-" "PostmanRuntime/7.6.0"
::1 - - [07/Oct/2019:04:10:48 +0000] "POST /post HTTP/1.1" - - "-" "PostmanRuntime/7.6.0"
::1 - - [07/Oct/2019:04:11:12 +0000] "POST /post HTTP/1.1" - - "-" "PostmanRuntime/7.6.0"
::1 - - [07/Oct/2019:04:11:16 +0000] "POST /post HTTP/1.1" - - "-" "PostmanRuntime/7.6.0"
::1 - - [07/Oct/2019:04:11:34 +0000] "POST /post HTTP/1.1" 200 61 "-" "PostmanRuntime/7.6.0"
::1 - - [07/Oct/2019:04:11:40 +0000] "POST /post HTTP/1.1" 500 59 "-" "PostmanRuntime/7.6.0"
::1 - - [07/Oct/2019:04:11:43 +0000] "POST /post HTTP/1.1" 200 61 "-" "PostmanRuntime/7.6.0"
::1 - - [07/Oct/2019:04:12:26 +0000] "POST /post1 HTTP/1.1" 200 13 "-" "PostmanRuntime/7.6.0"
::1 - - [07/Oct/2019:04:12:33 +0000] "POST /post1 HTTP/1.1" 404 145 "-" "PostmanRuntime/7.6.0"
::1 - - [07/Oct/2019:04:12:43 +0000] "POST /post1 HTTP/1.1" 200 13 "-" "PostmanRuntime/7.6.0"
::1 - - [07/Oct/2019:04:12:45 +0000] "POST /post HTTP/1.1" 200 61 "-" "PostmanRuntime/7.6.0"
::1 - - [07/Oct/2019:04:27:43 +0000] "POST /post HTTP/1.1" 200 169 "-" "PostmanRuntime/7.6.0"
::1 - - [07/Oct/2019:04:28:05 +0000] "POST /post HTTP/1.1" 200 169 "-" "PostmanRuntime/7.6.0"
::1 - - [07/Oct/2019:04:29:22 +0000] "POST /post HTTP/1.1" 200 169 "-" "PostmanRuntime/7.6.0"
::1 - - [07/Oct/2019:04:40:01 +0000] "POST /post HTTP/1.1" - - "-" "PostmanRuntime/7.6.0"
::1 - - [07/Oct/2019:04:43:33 +0000] "POST /post HTTP/1.1" 200 169 "-" "PostmanRuntime/7.6.0"
::1 - - [07/Oct/2019:04:43:52 +0000] "POST /post HTTP/1.1" 500 104 "-" "PostmanRuntime/7.6.0"
::1 - - [07/Oct/2019:04:44:01 +0000] "POST /post HTTP/1.1" 200 169 "-" "PostmanRuntime/7.6.0"
::1 - - [07/Oct/2019:04:44:13 +0000] "POST /post HTTP/1.1" 500 102 "-" "PostmanRuntime/7.6.0"
::1 - - [07/Oct/2019:04:45:52 +0000] "POST /post HTTP/1.1" 400 102 "-" "PostmanRuntime/7.6.0"
::1 - - [07/Oct/2019:04:46:44 +0000] "POST /post HTTP/1.1" 400 78 "-" "PostmanRuntime/7.6.0"
::1 - - [23/Oct/2019:17:17:46 +0000] "GET / HTTP/1.1" 200 13 "-" "Mozilla/5.0 (X11; Linux x86_64) AppleWebKit/537.36 (KHTML, like Gecko) Chrome/77.0.3865.120 Safari/537.36"
::1 - - [23/Oct/2019:17:17:46 +0000] "GET /favicon.ico HTTP/1.1" 200 13 "http://localhost:3001/" "Mozilla/5.0 (X11; Linux x86_64) AppleWebKit/537.36 (KHTML, like Gecko) Chrome/77.0.3865.120 Safari/537.36"
::1 - - [23/Oct/2019:17:17:52 +0000] "GET /posts HTTP/1.1" 200 13 "-" "Mozilla/5.0 (X11; Linux x86_64) AppleWebKit/537.36 (KHTML, like Gecko) Chrome/77.0.3865.120 Safari/537.36"
::1 - - [23/Oct/2019:17:17:52 +0000] "GET /favicon.ico HTTP/1.1" 304 - "http://localhost:3001/posts" "Mozilla/5.0 (X11; Linux x86_64) AppleWebKit/537.36 (KHTML, like Gecko) Chrome/77.0.3865.120 Safari/537.36"
::1 - - [23/Oct/2019:17:35:18 +0000] "GET /api/posts HTTP/1.1" 200 13 "-" "Mozilla/5.0 (X11; Linux x86_64) AppleWebKit/537.36 (KHTML, like Gecko) Chrome/77.0.3865.120 Safari/537.36"
::1 - - [23/Oct/2019:17:35:18 +0000] "GET /favicon.ico HTTP/1.1" 304 - "http://localhost:3001/api/posts" "Mozilla/5.0 (X11; Linux x86_64) AppleWebKit/537.36 (KHTML, like Gecko) Chrome/77.0.3865.120 Safari/537.36"
::1 - - [23/Oct/2019:17:35:33 +0000] "GET /api/post HTTP/1.1" 200 13 "-" "Mozilla/5.0 (X11; Linux x86_64) AppleWebKit/537.36 (KHTML, like Gecko) Chrome/77.0.3865.120 Safari/537.36"
::1 - - [23/Oct/2019:17:35:33 +0000] "GET /favicon.ico HTTP/1.1" 304 - "http://localhost:3001/api/post" "Mozilla/5.0 (X11; Linux x86_64) AppleWebKit/537.36 (KHTML, like Gecko) Chrome/77.0.3865.120 Safari/537.36"
::1 - - [23/Oct/2019:17:35:41 +0000] "GET /post HTTP/1.1" 200 11 "-" "Mozilla/5.0 (X11; Linux x86_64) AppleWebKit/537.36 (KHTML, like Gecko) Chrome/77.0.3865.120 Safari/537.36"
::1 - - [23/Oct/2019:17:35:42 +0000] "GET /favicon.ico HTTP/1.1" 304 - "http://localhost:3001/post" "Mozilla/5.0 (X11; Linux x86_64) AppleWebKit/537.36 (KHTML, like Gecko) Chrome/77.0.3865.120 Safari/537.36"
::1 - - [23/Oct/2019:17:37:28 +0000] "GET /post HTTP/1.1" 200 11 "-" "Mozilla/5.0 (X11; Linux x86_64) AppleWebKit/537.36 (KHTML, like Gecko) Chrome/77.0.3865.120 Safari/537.36"
::1 - - [23/Oct/2019:17:37:28 +0000] "GET /favicon.ico HTTP/1.1" 200 13 "http://localhost:3001/post" "Mozilla/5.0 (X11; Linux x86_64) AppleWebKit/537.36 (KHTML, like Gecko) Chrome/77.0.3865.120 Safari/537.36"
::1 - - [23/Oct/2019:17:39:16 +0000] "GET /post HTTP/1.1" 200 11 "-" "PostmanRuntime/7.18.0"
::1 - - [23/Oct/2019:17:42:42 +0000] "POST /post HTTP/1.1" 400 146 "-" "PostmanRuntime/7.18.0"
::1 - - [23/Oct/2019:17:43:01 +0000] "POST /post HTTP/1.1" 400 86 "-" "PostmanRuntime/7.18.0"
::1 - - [23/Oct/2019:17:44:40 +0000] "POST /user/login HTTP/1.1" 404 59 "-" "PostmanRuntime/7.18.0"
::1 - - [23/Oct/2019:17:44:55 +0000] "POST /user/register HTTP/1.1" 200 194 "-" "PostmanRuntime/7.18.0"
::1 - - [23/Oct/2019:17:45:03 +0000] "POST /user/login HTTP/1.1" 200 165 "-" "PostmanRuntime/7.18.0"
::1 - - [23/Oct/2019:17:45:26 +0000] "POST /user/login HTTP/1.1" 200 165 "-" "PostmanRuntime/7.18.0"
::1 - - [23/Oct/2019:17:46:25 +0000] "POST /post HTTP/1.1" 200 223 "-" "PostmanRuntime/7.18.0"
::1 - - [23/Oct/2019:17:46:41 +0000] "GET /post HTTP/1.1" 200 186 "-" "Mozilla/5.0 (X11; Linux x86_64) AppleWebKit/537.36 (KHTML, like Gecko) Chrome/77.0.3865.120 Safari/537.36"
::1 - - [23/Oct/2019:17:46:42 +0000] "GET /favicon.ico HTTP/1.1" 200 13 "http://localhost:3001/post" "Mozilla/5.0 (X11; Linux x86_64) AppleWebKit/537.36 (KHTML, like Gecko) Chrome/77.0.3865.120 Safari/537.36"
::1 - - [24/Oct/2019:13:39:24 +0000] "GET / HTTP/1.1" 200 13 "-" "Mozilla/5.0 (X11; Linux x86_64) AppleWebKit/537.36 (KHTML, like Gecko) Chrome/77.0.3865.120 Safari/537.36"
::1 - - [24/Oct/2019:13:39:24 +0000] "GET /favicon.ico HTTP/1.1" 200 13 "http://localhost:3001/" "Mozilla/5.0 (X11; Linux x86_64) AppleWebKit/537.36 (KHTML, like Gecko) Chrome/77.0.3865.120 Safari/537.36"
::1 - - [25/Oct/2019:15:40:56 +0000] "GET / HTTP/1.1" 304 - "-" "Mozilla/5.0 (X11; Linux x86_64) AppleWebKit/537.36 (KHTML, like Gecko) Chrome/77.0.3865.120 Safari/537.36"
::1 - - [25/Oct/2019:15:40:56 +0000] "GET /favicon.ico HTTP/1.1" 304 - "http://localhost:3001/" "Mozilla/5.0 (X11; Linux x86_64) AppleWebKit/537.36 (KHTML, like Gecko) Chrome/77.0.3865.120 Safari/537.36"
::1 - - [25/Oct/2019:15:41:00 +0000] "GET /post HTTP/1.1" 304 - "-" "Mozilla/5.0 (X11; Linux x86_64) AppleWebKit/537.36 (KHTML, like Gecko) Chrome/77.0.3865.120 Safari/537.36"
::1 - - [25/Oct/2019:15:41:00 +0000] "GET /favicon.ico HTTP/1.1" 304 - "http://localhost:3001/post" "Mozilla/5.0 (X11; Linux x86_64) AppleWebKit/537.36 (KHTML, like Gecko) Chrome/77.0.3865.120 Safari/537.36"
::1 - - [25/Oct/2019:15:50:00 +0000] "GET /post?type=123 HTTP/1.1" - - "-" "Mozilla/5.0 (X11; Linux x86_64) AppleWebKit/537.36 (KHTML, like Gecko) Chrome/77.0.3865.120 Safari/537.36"
::1 - - [25/Oct/2019:15:55:43 +0000] "GET /post?type=123 HTTP/1.1" - - "-" "Mozilla/5.0 (X11; Linux x86_64) AppleWebKit/537.36 (KHTML, like Gecko) Chrome/77.0.3865.120 Safari/537.36"
::1 - - [25/Oct/2019:16:01:47 +0000] "GET /post?type=123 HTTP/1.1" 200 13 "-" "Mozilla/5.0 (X11; Linux x86_64) AppleWebKit/537.36 (KHTML, like Gecko) Chrome/77.0.3865.120 Safari/537.36"
::1 - - [25/Oct/2019:16:01:47 +0000] "GET /favicon.ico HTTP/1.1" 304 - "http://localhost:3001/post?type=123" "Mozilla/5.0 (X11; Linux x86_64) AppleWebKit/537.36 (KHTML, like Gecko) Chrome/77.0.3865.120 Safari/537.36"
::1 - - [25/Oct/2019:16:03:49 +0000] "GET /post/reading HTTP/1.1" - - "-" "Mozilla/5.0 (X11; Linux x86_64) AppleWebKit/537.36 (KHTML, like Gecko) Chrome/77.0.3865.120 Safari/537.36"
::1 - - [25/Oct/2019:16:03:56 +0000] "GET /post/reading HTTP/1.1" 400 43 "-" "Mozilla/5.0 (X11; Linux x86_64) AppleWebKit/537.36 (KHTML, like Gecko) Chrome/77.0.3865.120 Safari/537.36"
::1 - - [25/Oct/2019:16:03:57 +0000] "GET /favicon.ico HTTP/1.1" 304 - "http://localhost:3001/post/reading" "Mozilla/5.0 (X11; Linux x86_64) AppleWebKit/537.36 (KHTML, like Gecko) Chrome/77.0.3865.120 Safari/537.36"
::1 - - [25/Oct/2019:16:03:59 +0000] "GET /post/reading HTTP/1.1" 400 43 "-" "Mozilla/5.0 (X11; Linux x86_64) AppleWebKit/537.36 (KHTML, like Gecko) Chrome/77.0.3865.120 Safari/537.36"
::1 - - [25/Oct/2019:16:03:59 +0000] "GET /favicon.ico HTTP/1.1" 200 13 "http://localhost:3001/post/reading" "Mozilla/5.0 (X11; Linux x86_64) AppleWebKit/537.36 (KHTML, like Gecko) Chrome/77.0.3865.120 Safari/537.36"
::1 - - [25/Oct/2019:16:04:06 +0000] "GET /post/Reading HTTP/1.1" 400 43 "-" "Mozilla/5.0 (X11; Linux x86_64) AppleWebKit/537.36 (KHTML, like Gecko) Chrome/77.0.3865.120 Safari/537.36"
::1 - - [25/Oct/2019:16:04:06 +0000] "GET /favicon.ico HTTP/1.1" 304 - "http://localhost:3001/post/Reading" "Mozilla/5.0 (X11; Linux x86_64) AppleWebKit/537.36 (KHTML, like Gecko) Chrome/77.0.3865.120 Safari/537.36"
::1 - - [25/Oct/2019:16:05:03 +0000] "GET /post/Reading HTTP/1.1" 400 43 "-" "Mozilla/5.0 (X11; Linux x86_64) AppleWebKit/537.36 (KHTML, like Gecko) Chrome/77.0.3865.120 Safari/537.36"
::1 - - [25/Oct/2019:16:05:03 +0000] "GET /favicon.ico HTTP/1.1" 200 13 "http://localhost:3001/post/Reading" "Mozilla/5.0 (X11; Linux x86_64) AppleWebKit/537.36 (KHTML, like Gecko) Chrome/77.0.3865.120 Safari/537.36"
::1 - - [25/Oct/2019:16:05:31 +0000] "GET /post/Reading HTTP/1.1" 200 186 "-" "Mozilla/5.0 (X11; Linux x86_64) AppleWebKit/537.36 (KHTML, like Gecko) Chrome/77.0.3865.120 Safari/537.36"
::1 - - [25/Oct/2019:16:05:32 +0000] "GET /favicon.ico HTTP/1.1" 200 13 "http://localhost:3001/post/Reading" "Mozilla/5.0 (X11; Linux x86_64) AppleWebKit/537.36 (KHTML, like Gecko) Chrome/77.0.3865.120 Safari/537.36"
::1 - - [25/Oct/2019:16:05:53 +0000] "GET /post/Reading HTTP/1.1" 304 - "-" "Mozilla/5.0 (X11; Linux x86_64) AppleWebKit/537.36 (KHTML, like Gecko) Chrome/77.0.3865.120 Safari/537.36"
::1 - - [25/Oct/2019:16:05:53 +0000] "GET /favicon.ico HTTP/1.1" 304 - "http://localhost:3001/post/Reading" "Mozilla/5.0 (X11; Linux x86_64) AppleWebKit/537.36 (KHTML, like Gecko) Chrome/77.0.3865.120 Safari/537.36"
::1 - - [25/Oct/2019:16:05:59 +0000] "GET /post/writing HTTP/1.1" 200 11 "-" "Mozilla/5.0 (X11; Linux x86_64) AppleWebKit/537.36 (KHTML, like Gecko) Chrome/77.0.3865.120 Safari/537.36"
::1 - - [25/Oct/2019:16:05:59 +0000] "GET /favicon.ico HTTP/1.1" 304 - "http://localhost:3001/post/writing" "Mozilla/5.0 (X11; Linux x86_64) AppleWebKit/537.36 (KHTML, like Gecko) Chrome/77.0.3865.120 Safari/537.36"
::1 - - [25/Oct/2019:16:06:02 +0000] "GET /post/Reading HTTP/1.1" 304 - "-" "Mozilla/5.0 (X11; Linux x86_64) AppleWebKit/537.36 (KHTML, like Gecko) Chrome/77.0.3865.120 Safari/537.36"
::1 - - [25/Oct/2019:16:06:02 +0000] "GET /favicon.ico HTTP/1.1" 304 - "http://localhost:3001/post/Reading" "Mozilla/5.0 (X11; Linux x86_64) AppleWebKit/537.36 (KHTML, like Gecko) Chrome/77.0.3865.120 Safari/537.36"
::1 - - [25/Oct/2019:16:06:06 +0000] "GET /post/Reading HTTP/1.1" 304 - "-" "Mozilla/5.0 (X11; Linux x86_64) AppleWebKit/537.36 (KHTML, like Gecko) Chrome/77.0.3865.120 Safari/537.36"
::1 - - [25/Oct/2019:16:06:06 +0000] "GET /favicon.ico HTTP/1.1" 304 - "http://localhost:3001/post/Reading" "Mozilla/5.0 (X11; Linux x86_64) AppleWebKit/537.36 (KHTML, like Gecko) Chrome/77.0.3865.120 Safari/537.36"
::1 - - [25/Oct/2019:16:06:12 +0000] "GET /post/podcast HTTP/1.1" 200 11 "-" "Mozilla/5.0 (X11; Linux x86_64) AppleWebKit/537.36 (KHTML, like Gecko) Chrome/77.0.3865.120 Safari/537.36"
::1 - - [25/Oct/2019:16:06:12 +0000] "GET /favicon.ico HTTP/1.1" 304 - "http://localhost:3001/post/podcast" "Mozilla/5.0 (X11; Linux x86_64) AppleWebKit/537.36 (KHTML, like Gecko) Chrome/77.0.3865.120 Safari/537.36"
::1 - - [25/Oct/2019:16:06:15 +0000] "GET /post/Reading HTTP/1.1" 304 - "-" "Mozilla/5.0 (X11; Linux x86_64) AppleWebKit/537.36 (KHTML, like Gecko) Chrome/77.0.3865.120 Safari/537.36"
::1 - - [25/Oct/2019:16:06:15 +0000] "GET /favicon.ico HTTP/1.1" 304 - "http://localhost:3001/post/Reading" "Mozilla/5.0 (X11; Linux x86_64) AppleWebKit/537.36 (KHTML, like Gecko) Chrome/77.0.3865.120 Safari/537.36"
::1 - - [25/Oct/2019:16:18:01 +0000] "GET /post/Reading HTTP/1.1" 304 - "-" "Mozilla/5.0 (X11; Linux x86_64) AppleWebKit/537.36 (KHTML, like Gecko) Chrome/77.0.3865.120 Safari/537.36"
::1 - - [25/Oct/2019:16:18:01 +0000] "GET /favicon.ico HTTP/1.1" 200 13 "http://localhost:3001/post/Reading" "Mozilla/5.0 (X11; Linux x86_64) AppleWebKit/537.36 (KHTML, like Gecko) Chrome/77.0.3865.120 Safari/537.36"
::1 - - [25/Oct/2019:16:18:17 +0000] "GET /post/Reading HTTP/1.1" 304 - "-" "Mozilla/5.0 (X11; Linux x86_64) AppleWebKit/537.36 (KHTML, like Gecko) Chrome/77.0.3865.120 Safari/537.36"
::1 - - [25/Oct/2019:16:18:17 +0000] "GET /favicon.ico HTTP/1.1" 200 13 "http://localhost:3001/post/Reading" "Mozilla/5.0 (X11; Linux x86_64) AppleWebKit/537.36 (KHTML, like Gecko) Chrome/77.0.3865.120 Safari/537.36"
::1 - - [25/Oct/2019:16:18:22 +0000] "GET /post/Reading HTTP/1.1" 304 - "-" "Mozilla/5.0 (X11; Linux x86_64) AppleWebKit/537.36 (KHTML, like Gecko) Chrome/77.0.3865.120 Safari/537.36"
::1 - - [25/Oct/2019:16:18:22 +0000] "GET /favicon.ico HTTP/1.1" 200 13 "http://localhost:3001/post/Reading" "Mozilla/5.0 (X11; Linux x86_64) AppleWebKit/537.36 (KHTML, like Gecko) Chrome/77.0.3865.120 Safari/537.36"
::1 - - [25/Oct/2019:16:20:28 +0000] "GET /post/Reading/ddfa HTTP/1.1" - - "-" "Mozilla/5.0 (X11; Linux x86_64) AppleWebKit/537.36 (KHTML, like Gecko) Chrome/77.0.3865.120 Safari/537.36"
::1 - - [25/Oct/2019:16:22:28 +0000] "GET /post/Reading/ddfa HTTP/1.1" - - "-" "Mozilla/5.0 (X11; Linux x86_64) AppleWebKit/537.36 (KHTML, like Gecko) Chrome/77.0.3865.120 Safari/537.36"
::1 - - [25/Oct/2019:16:28:59 +0000] "GET /post/Reading/ddfa HTTP/1.1" - - "-" "Mozilla/5.0 (X11; Linux x86_64) AppleWebKit/537.36 (KHTML, like Gecko) Chrome/77.0.3865.120 Safari/537.36"
::1 - - [25/Oct/2019:16:31:29 +0000] "GET /post/Reading/ddfa HTTP/1.1" - - "-" "Mozilla/5.0 (X11; Linux x86_64) AppleWebKit/537.36 (KHTML, like Gecko) Chrome/77.0.3865.120 Safari/537.36"
::1 - - [25/Oct/2019:16:43:09 +0000] "GET /post/Reading/ddfa HTTP/1.1" - - "-" "Mozilla/5.0 (X11; Linux x86_64) AppleWebKit/537.36 (KHTML, like Gecko) Chrome/77.0.3865.120 Safari/537.36"
::1 - - [25/Oct/2019:16:43:09 +0000] "GET /post/Reading HTTP/1.1" 304 - "-" "Mozilla/5.0 (X11; Linux x86_64) AppleWebKit/537.36 (KHTML, like Gecko) Chrome/77.0.3865.120 Safari/537.36"
::1 - - [25/Oct/2019:16:43:09 +0000] "GET /favicon.ico HTTP/1.1" 304 - "http://localhost:3001/post/Reading" "Mozilla/5.0 (X11; Linux x86_64) AppleWebKit/537.36 (KHTML, like Gecko) Chrome/77.0.3865.120 Safari/537.36"
::1 - - [25/Oct/2019:16:43:12 +0000] "GET /post/ HTTP/1.1" 200 13 "-" "Mozilla/5.0 (X11; Linux x86_64) AppleWebKit/537.36 (KHTML, like Gecko) Chrome/77.0.3865.120 Safari/537.36"
::1 - - [25/Oct/2019:16:43:12 +0000] "GET /favicon.ico HTTP/1.1" 304 - "http://localhost:3001/post/" "Mozilla/5.0 (X11; Linux x86_64) AppleWebKit/537.36 (KHTML, like Gecko) Chrome/77.0.3865.120 Safari/537.36"
::1 - - [25/Oct/2019:16:43:17 +0000] "GET /post/Reading HTTP/1.1" 304 - "-" "Mozilla/5.0 (X11; Linux x86_64) AppleWebKit/537.36 (KHTML, like Gecko) Chrome/77.0.3865.120 Safari/537.36"
::1 - - [25/Oct/2019:16:43:17 +0000] "GET /favicon.ico HTTP/1.1" 304 - "http://localhost:3001/post/Reading" "Mozilla/5.0 (X11; Linux x86_64) AppleWebKit/537.36 (KHTML, like Gecko) Chrome/77.0.3865.120 Safari/537.36"
::1 - - [25/Oct/2019:16:45:23 +0000] "GET /post/Reading/latest HTTP/1.1" - - "-" "Mozilla/5.0 (X11; Linux x86_64) AppleWebKit/537.36 (KHTML, like Gecko) Chrome/77.0.3865.120 Safari/537.36"
::1 - - [25/Oct/2019:16:54:40 +0000] "GET /post/Reading/latest HTTP/1.1" 200 223 "-" "Mozilla/5.0 (X11; Linux x86_64) AppleWebKit/537.36 (KHTML, like Gecko) Chrome/77.0.3865.120 Safari/537.36"
::1 - - [25/Oct/2019:16:54:40 +0000] "GET /favicon.ico HTTP/1.1" 304 - "http://localhost:3001/post/Reading/latest" "Mozilla/5.0 (X11; Linux x86_64) AppleWebKit/537.36 (KHTML, like Gecko) Chrome/77.0.3865.120 Safari/537.36"
::1 - - [25/Oct/2019:16:54:46 +0000] "GET /post/Reading/latest HTTP/1.1" 304 - "-" "Mozilla/5.0 (X11; Linux x86_64) AppleWebKit/537.36 (KHTML, like Gecko) Chrome/77.0.3865.120 Safari/537.36"
::1 - - [25/Oct/2019:16:54:46 +0000] "GET /favicon.ico HTTP/1.1" 200 13 "http://localhost:3001/post/Reading/latest" "Mozilla/5.0 (X11; Linux x86_64) AppleWebKit/537.36 (KHTML, like Gecko) Chrome/77.0.3865.120 Safari/537.36"
::1 - - [25/Oct/2019:16:54:49 +0000] "GET /post/Reading HTTP/1.1" 200 226 "-" "Mozilla/5.0 (X11; Linux x86_64) AppleWebKit/537.36 (KHTML, like Gecko) Chrome/77.0.3865.120 Safari/537.36"
::1 - - [25/Oct/2019:16:54:49 +0000] "GET /favicon.ico HTTP/1.1" 304 - "http://localhost:3001/post/Reading" "Mozilla/5.0 (X11; Linux x86_64) AppleWebKit/537.36 (KHTML, like Gecko) Chrome/77.0.3865.120 Safari/537.36"
::1 - - [25/Oct/2019:16:54:53 +0000] "GET /post/Reading/5db091f1d3da493a838c24f4 HTTP/1.1" 200 223 "-" "Mozilla/5.0 (X11; Linux x86_64) AppleWebKit/537.36 (KHTML, like Gecko) Chrome/77.0.3865.120 Safari/537.36"
::1 - - [25/Oct/2019:16:54:53 +0000] "GET /favicon.ico HTTP/1.1" 304 - "http://localhost:3001/post/Reading/5db091f1d3da493a838c24f4" "Mozilla/5.0 (X11; Linux x86_64) AppleWebKit/537.36 (KHTML, like Gecko) Chrome/77.0.3865.120 Safari/537.36"
::1 - - [25/Oct/2019:16:54:57 +0000] "GET /post/Reading/latest HTTP/1.1" 304 - "-" "Mozilla/5.0 (X11; Linux x86_64) AppleWebKit/537.36 (KHTML, like Gecko) Chrome/77.0.3865.120 Safari/537.36"
::1 - - [25/Oct/2019:16:54:57 +0000] "GET /favicon.ico HTTP/1.1" 304 - "http://localhost:3001/post/Reading/latest" "Mozilla/5.0 (X11; Linux x86_64) AppleWebKit/537.36 (KHTML, like Gecko) Chrome/77.0.3865.120 Safari/537.36"
::1 - - [25/Oct/2019:16:56:17 +0000] "POST /post HTTP/1.1" 200 226 "-" "PostmanRuntime/7.19.0"
::1 - - [25/Oct/2019:16:56:32 +0000] "GET /post HTTP/1.1" 200 13 "-" "PostmanRuntime/7.19.0"
::1 - - [25/Oct/2019:16:56:32 +0000] "GET /post HTTP/1.1" 200 13 "-" "PostmanRuntime/7.19.0"
::1 - - [25/Oct/2019:16:56:36 +0000] "GET /post/reading HTTP/1.1" 200 11 "-" "PostmanRuntime/7.19.0"
::1 - - [25/Oct/2019:16:56:43 +0000] "GET /post/Reading HTTP/1.1" 200 405 "-" "PostmanRuntime/7.19.0"
::1 - - [25/Oct/2019:16:56:59 +0000] "GET /post/Reading/latest HTTP/1.1" 200 186 "-" "PostmanRuntime/7.19.0"
::1 - - [25/Oct/2019:16:57:06 +0000] "GET /post/Writing/latest HTTP/1.1" 200 12 "-" "PostmanRuntime/7.19.0"
::1 - - [25/Oct/2019:16:57:21 +0000] "GET /post/Reading/latest HTTP/1.1" 200 186 "-" "PostmanRuntime/7.19.0"
::1 - - [25/Oct/2019:16:57:29 +0000] "GET /post/Reading/latest HTTP/1.1" 200 186 "-" "Mozilla/5.0 (X11; Linux x86_64) AppleWebKit/537.36 (KHTML, like Gecko) Chrome/77.0.3865.120 Safari/537.36"
::1 - - [25/Oct/2019:16:57:29 +0000] "GET /favicon.ico HTTP/1.1" 200 13 "http://localhost:3001/post/Reading/latest" "Mozilla/5.0 (X11; Linux x86_64) AppleWebKit/537.36 (KHTML, like Gecko) Chrome/77.0.3865.120 Safari/537.36"
::1 - - [25/Oct/2019:16:57:30 +0000] "GET /post/Reading/latest HTTP/1.1" 304 - "-" "Mozilla/5.0 (X11; Linux x86_64) AppleWebKit/537.36 (KHTML, like Gecko) Chrome/77.0.3865.120 Safari/537.36"
::1 - - [25/Oct/2019:16:57:30 +0000] "GET /favicon.ico HTTP/1.1" 200 13 "http://localhost:3001/post/Reading/latest" "Mozilla/5.0 (X11; Linux x86_64) AppleWebKit/537.36 (KHTML, like Gecko) Chrome/77.0.3865.120 Safari/537.36"
::1 - - [25/Oct/2019:17:00:20 +0000] "GET /post/Reading/latest HTTP/1.1" 304 - "-" "Mozilla/5.0 (X11; Linux x86_64) AppleWebKit/537.36 (KHTML, like Gecko) Chrome/77.0.3865.120 Safari/537.36"
::1 - - [25/Oct/2019:17:00:20 +0000] "GET /favicon.ico HTTP/1.1" 200 13 "http://localhost:3001/post/Reading/latest" "Mozilla/5.0 (X11; Linux x86_64) AppleWebKit/537.36 (KHTML, like Gecko) Chrome/77.0.3865.120 Safari/537.36"
::1 - - [25/Oct/2019:17:00:26 +0000] "GET /post/writing/latest HTTP/1.1" 200 12 "-" "Mozilla/5.0 (X11; Linux x86_64) AppleWebKit/537.36 (KHTML, like Gecko) Chrome/77.0.3865.120 Safari/537.36"
::1 - - [25/Oct/2019:17:00:26 +0000] "GET /favicon.ico HTTP/1.1" 304 - "http://localhost:3001/post/writing/latest" "Mozilla/5.0 (X11; Linux x86_64) AppleWebKit/537.36 (KHTML, like Gecko) Chrome/77.0.3865.120 Safari/537.36"
::1 - - [25/Oct/2019:17:00:42 +0000] "GET /post/Reading/latest HTTP/1.1" 304 - "-" "Mozilla/5.0 (X11; Linux x86_64) AppleWebKit/537.36 (KHTML, like Gecko) Chrome/77.0.3865.120 Safari/537.36"
::1 - - [25/Oct/2019:17:00:43 +0000] "GET /favicon.ico HTTP/1.1" 304 - "http://localhost:3001/post/Reading/latest" "Mozilla/5.0 (X11; Linux x86_64) AppleWebKit/537.36 (KHTML, like Gecko) Chrome/77.0.3865.120 Safari/537.36"
::1 - - [25/Oct/2019:17:00:50 +0000] "GET /post/Reading/latest HTTP/1.1" 304 - "-" "Mozilla/5.0 (X11; Linux x86_64) AppleWebKit/537.36 (KHTML, like Gecko) Chrome/77.0.3865.120 Safari/537.36"
::1 - - [25/Oct/2019:17:00:50 +0000] "GET /favicon.ico HTTP/1.1" 304 - "http://localhost:3001/post/Reading/latest" "Mozilla/5.0 (X11; Linux x86_64) AppleWebKit/537.36 (KHTML, like Gecko) Chrome/77.0.3865.120 Safari/537.36"
::1 - - [25/Oct/2019:17:01:04 +0000] "GET /post/reading/latest HTTP/1.1" 200 186 "-" "PostmanRuntime/7.19.0"
::1 - - [25/Oct/2019:17:01:14 +0000] "GET /post/rea/latest HTTP/1.1" 200 12 "-" "PostmanRuntime/7.19.0"
::1 - - [25/Oct/2019:17:01:58 +0000] "GET /post/Reading HTTP/1.1" 200 405 "-" "Mozilla/5.0 (X11; Linux x86_64) AppleWebKit/537.36 (KHTML, like Gecko) Chrome/77.0.3865.120 Safari/537.36"
::1 - - [25/Oct/2019:17:01:58 +0000] "GET /favicon.ico HTTP/1.1" 304 - "http://localhost:3001/post/Reading" "Mozilla/5.0 (X11; Linux x86_64) AppleWebKit/537.36 (KHTML, like Gecko) Chrome/77.0.3865.120 Safari/537.36"
::1 - - [25/Oct/2019:17:11:08 +0000] "GET /post/reading/latest HTTP/1.1" 200 186 "-" "PostmanRuntime/7.19.0"
::1 - - [25/Oct/2019:17:13:00 +0000] "POST /post HTTP/1.1" 400 105 "-" "PostmanRuntime/7.19.0"
::1 - - [25/Oct/2019:17:13:06 +0000] "POST /post HTTP/1.1" 200 193 "-" "PostmanRuntime/7.19.0"
::1 - - [25/Oct/2019:17:13:14 +0000] "GET /post/Podcast/5db32d229b63b42fe8bcf03e HTTP/1.1" 200 145 "-" "PostmanRuntime/7.19.0"
::1 - - [25/Oct/2019:17:14:59 +0000] "POST /post HTTP/1.1" 400 40 "-" "PostmanRuntime/7.19.0"
::1 - - [25/Oct/2019:17:15:29 +0000] "POST /post HTTP/1.1" 400 40 "-" "PostmanRuntime/7.19.0"
::1 - - [25/Oct/2019:17:20:18 +0000] "POST /post HTTP/1.1" 200 193 "-" "PostmanRuntime/7.19.0"
::1 - - [25/Oct/2019:17:25:08 +0000] "POST /post HTTP/1.1" - - "-" "PostmanRuntime/7.19.0"
::1 - - [25/Oct/2019:17:30:57 +0000] "POST /post HTTP/1.1" - - "-" "PostmanRuntime/7.19.0"
::1 - - [25/Oct/2019:17:33:39 +0000] "POST /post HTTP/1.1" 400 40 "-" "PostmanRuntime/7.19.0"
::1 - - [25/Oct/2019:17:35:29 +0000] "POST /post HTTP/1.1" 400 40 "-" "PostmanRuntime/7.19.0"
::1 - - [25/Oct/2019:17:36:19 +0000] "POST /post HTTP/1.1" 200 3491357 "-" "PostmanRuntime/7.19.0"
::1 - - [25/Oct/2019:17:39:03 +0000] "GET /post/podcast/latest HTTP/1.1" 200 3491309 "-" "Mozilla/5.0 (X11; Linux x86_64) AppleWebKit/537.36 (KHTML, like Gecko) Chrome/77.0.3865.120 Safari/537.36"
::1 - - [26/Oct/2019:06:46:15 +0000] "GET /favicon.ico HTTP/1.1" 304 - "http://localhost:3001/post/podcast/latest" "Mozilla/5.0 (X11; Linux x86_64) AppleWebKit/537.36 (KHTML, like Gecko) Chrome/77.0.3865.120 Safari/537.36"
::1 - - [26/Oct/2019:06:48:01 +0000] "GET /post/Reading/latest HTTP/1.1" 304 - "-" "Mozilla/5.0 (X11; Linux x86_64) AppleWebKit/537.36 (KHTML, like Gecko) Chrome/77.0.3865.120 Safari/537.36"
::1 - - [26/Oct/2019:06:48:01 +0000] "GET /favicon.ico HTTP/1.1" 304 - "http://localhost:3001/post/Reading/latest" "Mozilla/5.0 (X11; Linux x86_64) AppleWebKit/537.36 (KHTML, like Gecko) Chrome/77.0.3865.120 Safari/537.36"
::1 - - [26/Oct/2019:06:48:24 +0000] "GET /post/Reading/ HTTP/1.1" 200 405 "-" "Mozilla/5.0 (X11; Linux x86_64) AppleWebKit/537.36 (KHTML, like Gecko) Chrome/77.0.3865.120 Safari/537.36"
::1 - - [26/Oct/2019:06:48:24 +0000] "GET /favicon.ico HTTP/1.1" 304 - "http://localhost:3001/post/Reading/" "Mozilla/5.0 (X11; Linux x86_64) AppleWebKit/537.36 (KHTML, like Gecko) Chrome/77.0.3865.120 Safari/537.36"
::1 - - [26/Oct/2019:06:52:13 +0000] "GET /post/Reading/lastest HTTP/1.1" 400 104 "-" "Mozilla/5.0 (X11; Linux x86_64) AppleWebKit/537.36 (KHTML, like Gecko) Chrome/77.0.3865.120 Safari/537.36"
::1 - - [26/Oct/2019:06:52:13 +0000] "GET /favicon.ico HTTP/1.1" 304 - "http://localhost:3001/post/Reading/lastest" "Mozilla/5.0 (X11; Linux x86_64) AppleWebKit/537.36 (KHTML, like Gecko) Chrome/77.0.3865.120 Safari/537.36"
::1 - - [26/Oct/2019:06:52:21 +0000] "GET /post/Reading/latest HTTP/1.1" 304 - "-" "Mozilla/5.0 (X11; Linux x86_64) AppleWebKit/537.36 (KHTML, like Gecko) Chrome/77.0.3865.120 Safari/537.36"
::1 - - [26/Oct/2019:06:52:21 +0000] "GET /favicon.ico HTTP/1.1" 304 - "http://localhost:3001/post/Reading/latest" "Mozilla/5.0 (X11; Linux x86_64) AppleWebKit/537.36 (KHTML, like Gecko) Chrome/77.0.3865.120 Safari/537.36"
::1 - - [26/Oct/2019:13:56:50 +0000] "GET / HTTP/1.1" 304 - "-" "Mozilla/5.0 (X11; Linux x86_64) AppleWebKit/537.36 (KHTML, like Gecko) Chrome/77.0.3865.120 Safari/537.36"
::1 - - [26/Oct/2019:13:56:50 +0000] "GET /favicon.ico HTTP/1.1" 304 - "http://localhost:3001/" "Mozilla/5.0 (X11; Linux x86_64) AppleWebKit/537.36 (KHTML, like Gecko) Chrome/77.0.3865.120 Safari/537.36"
::1 - - [26/Oct/2019:13:56:56 +0000] "GET /psot/reading HTTP/1.1" 200 13 "-" "Mozilla/5.0 (X11; Linux x86_64) AppleWebKit/537.36 (KHTML, like Gecko) Chrome/77.0.3865.120 Safari/537.36"
::1 - - [26/Oct/2019:13:56:56 +0000] "GET /favicon.ico HTTP/1.1" 304 - "http://localhost:3001/psot/reading" "Mozilla/5.0 (X11; Linux x86_64) AppleWebKit/537.36 (KHTML, like Gecko) Chrome/77.0.3865.120 Safari/537.36"
::1 - - [26/Oct/2019:13:57:00 +0000] "GET /post/Reading HTTP/1.1" 200 405 "-" "Mozilla/5.0 (X11; Linux x86_64) AppleWebKit/537.36 (KHTML, like Gecko) Chrome/77.0.3865.120 Safari/537.36"
::1 - - [26/Oct/2019:13:57:00 +0000] "GET /favicon.ico HTTP/1.1" 304 - "http://localhost:3001/post/Reading" "Mozilla/5.0 (X11; Linux x86_64) AppleWebKit/537.36 (KHTML, like Gecko) Chrome/77.0.3865.120 Safari/537.36"
::1 - - [26/Oct/2019:13:57:07 +0000] "GET /post/writing HTTP/1.1" 304 - "-" "Mozilla/5.0 (X11; Linux x86_64) AppleWebKit/537.36 (KHTML, like Gecko) Chrome/77.0.3865.120 Safari/537.36"
::1 - - [26/Oct/2019:13:57:08 +0000] "GET /favicon.ico HTTP/1.1" 304 - "http://localhost:3001/post/writing" "Mozilla/5.0 (X11; Linux x86_64) AppleWebKit/537.36 (KHTML, like Gecko) Chrome/77.0.3865.120 Safari/537.36"
::1 - - [26/Oct/2019:13:57:15 +0000] "GET /post/podcast HTTP/1.1" 304 - "-" "Mozilla/5.0 (X11; Linux x86_64) AppleWebKit/537.36 (KHTML, like Gecko) Chrome/77.0.3865.120 Safari/537.36"
::1 - - [26/Oct/2019:13:57:15 +0000] "GET /favicon.ico HTTP/1.1" 304 - "http://localhost:3001/post/podcast" "Mozilla/5.0 (X11; Linux x86_64) AppleWebKit/537.36 (KHTML, like Gecko) Chrome/77.0.3865.120 Safari/537.36"
::1 - - [26/Oct/2019:14:24:40 +0000] "POST /post HTTP/1.1" - - "-" "PostmanRuntime/7.19.0"
::1 - - [26/Oct/2019:14:24:41 +0000] "POST /post HTTP/1.1" 400 40 "-" "PostmanRuntime/7.19.0"
::1 - - [26/Oct/2019:16:42:49 +0000] "POST /post HTTP/1.1" - - "-" "PostmanRuntime/7.19.0"
::1 - - [26/Oct/2019:16:44:52 +0000] "POST /post HTTP/1.1" - - "-" "PostmanRuntime/7.19.0"
::1 - - [27/Oct/2019:09:42:53 +0000] "POST /post HTTP/1.1" 200 226 "-" "PostmanRuntime/7.19.0"
::1 - - [27/Oct/2019:09:44:39 +0000] "POST /post HTTP/1.1" 200 465 "-" "PostmanRuntime/7.19.0"
::1 - - [27/Oct/2019:09:45:31 +0000] "POST /post HTTP/1.1" 400 40 "-" "PostmanRuntime/7.19.0"
::1 - - [27/Oct/2019:09:47:54 +0000] "POST /post HTTP/1.1" 400 40 "-" "PostmanRuntime/7.19.0"
::1 - - [27/Oct/2019:09:54:48 +0000] "POST /post HTTP/1.1" - - "-" "PostmanRuntime/7.19.0"
::1 - - [27/Oct/2019:09:59:18 +0000] "POST /post HTTP/1.1" - - "-" "PostmanRuntime/7.19.0"
::1 - - [27/Oct/2019:09:59:19 +0000] "GET /post HTTP/1.1" 200 13 "-" "PostmanRuntime/7.19.0"
::1 - - [27/Oct/2019:10:01:26 +0000] "POST /post/reading/latest HTTP/1.1" 200 13 "-" "PostmanRuntime/7.19.0"
::1 - - [27/Oct/2019:10:01:28 +0000] "POST /post/reading/latest HTTP/1.1" 200 13 "-" "PostmanRuntime/7.19.0"
::1 - - [27/Oct/2019:10:01:28 +0000] "GET /post/reading HTTP/1.1" - - "-" "PostmanRuntime/7.19.0"
::1 - - [27/Oct/2019:10:02:20 +0000] "GET /post/reading/latest HTTP/1.1" - - "-" "PostmanRuntime/7.19.0"
::1 - - [27/Oct/2019:10:04:48 +0000] "POST /post/ HTTP/1.1" 200 171 "-" "PostmanRuntime/7.19.0"
::1 - - [27/Oct/2019:10:05:30 +0000] "POST /post/ HTTP/1.1" 200 167 "-" "PostmanRuntime/7.19.0"
::1 - - [27/Oct/2019:10:05:35 +0000] "POST /post/ HTTP/1.1" 200 154 "-" "PostmanRuntime/7.19.0"
::1 - - [27/Oct/2019:10:06:21 +0000] "POST /post/ HTTP/1.1" 200 154 "-" "PostmanRuntime/7.19.0"
::1 - - [27/Oct/2019:10:06:38 +0000] "POST /post/ HTTP/1.1" 200 192 "-" "PostmanRuntime/7.19.0"
::1 - - [27/Oct/2019:10:08:24 +0000] "GET /post/podcast HTTP/1.1" - - "-" "Mozilla/5.0 (X11; Linux x86_64) AppleWebKit/537.36 (KHTML, like Gecko) Chrome/77.0.3865.120 Safari/537.36"
::1 - - [27/Oct/2019:10:09:21 +0000] "POST /post/ HTTP/1.1" - - "-" "PostmanRuntime/7.19.0"
::1 - - [27/Oct/2019:10:15:31 +0000] "POST /user/register/ HTTP/1.1" 200 195 "-" "PostmanRuntime/7.19.0"
::1 - - [27/Oct/2019:10:15:59 +0000] "GET /post/reading HTTP/1.1" 200 11 "-" "PostmanRuntime/7.19.0"
::1 - - [27/Oct/2019:10:16:11 +0000] "POST /post HTTP/1.1" 200 244 "-" "PostmanRuntime/7.19.0"
::1 - - [27/Oct/2019:10:17:28 +0000] "GET /post HTTP/1.1" 200 13 "-" "PostmanRuntime/7.19.0"
::1 - - [27/Oct/2019:10:17:35 +0000] "GET /post/podcast HTTP/1.1" 200 11 "-" "PostmanRuntime/7.19.0"
::1 - - [27/Oct/2019:10:17:48 +0000] "GET /post/Podcast HTTP/1.1" 200 199 "-" "PostmanRuntime/7.19.0"
::1 - - [27/Oct/2019:10:19:37 +0000] "GET /post/podcast HTTP/1.1" 200 11 "-" "PostmanRuntime/7.19.0"
::1 - - [27/Oct/2019:10:19:44 +0000] "GET /post/Podcast HTTP/1.1" 200 199 "-" "PostmanRuntime/7.19.0"
::1 - - [27/Oct/2019:10:20:12 +0000] "POST /post/ HTTP/1.1" 400 106 "-" "PostmanRuntime/7.19.0"
::1 - - [27/Oct/2019:10:20:25 +0000] "POST /post/ HTTP/1.1" 200 269 "-" "PostmanRuntime/7.19.0"
::1 - - [27/Oct/2019:10:20:36 +0000] "GET /post/podcast HTTP/1.1" 200 224 "-" "PostmanRuntime/7.19.0"
::1 - - [27/Oct/2019:10:21:09 +0000] "GET /post/podcast/latest HTTP/1.1" 400 43 "-" "PostmanRuntime/7.19.0"
::1 - - [27/Oct/2019:10:21:53 +0000] "GET /post/podcast/latest HTTP/1.1" 400 43 "-" "PostmanRuntime/7.19.0"
::1 - - [27/Oct/2019:10:22:56 +0000] "GET /post/podcast/latest HTTP/1.1" 400 43 "-" "PostmanRuntime/7.19.0"
::1 - - [27/Oct/2019:10:24:23 +0000] "GET /post/podcast/latest HTTP/1.1" 400 43 "-" "PostmanRuntime/7.19.0"
::1 - - [27/Oct/2019:10:25:17 +0000] "GET /post/podcast/latest HTTP/1.1" 200 221 "-" "PostmanRuntime/7.19.0"
::1 - - [27/Oct/2019:12:01:25 +0000] "GET /post/podcast/latest HTTP/1.1" 200 221 "-" "Mozilla/5.0 (X11; Linux x86_64) AppleWebKit/537.36 (KHTML, like Gecko) Chrome/77.0.3865.120 Safari/537.36"
::1 - - [27/Oct/2019:12:01:27 +0000] "GET /favicon.ico HTTP/1.1" 304 - "http://localhost:3001/post/podcast/latest" "Mozilla/5.0 (X11; Linux x86_64) AppleWebKit/537.36 (KHTML, like Gecko) Chrome/77.0.3865.120 Safari/537.36"
::1 - - [27/Oct/2019:12:04:55 +0000] "GET /post/podcast/latest HTTP/1.1" 304 - "http://localhost:3000/" "Mozilla/5.0 (X11; Linux x86_64) AppleWebKit/537.36 (KHTML, like Gecko) Chrome/77.0.3865.120 Safari/537.36"
::1 - - [27/Oct/2019:12:06:15 +0000] "GET /post/podcast/latest HTTP/1.1" 304 - "http://localhost:3000/" "Mozilla/5.0 (X11; Linux x86_64) AppleWebKit/537.36 (KHTML, like Gecko) Chrome/77.0.3865.120 Safari/537.36"
::1 - - [27/Oct/2019:12:06:24 +0000] "GET /post/podcast/latest HTTP/1.1" 304 - "http://localhost:3000/" "Mozilla/5.0 (X11; Linux x86_64) AppleWebKit/537.36 (KHTML, like Gecko) Chrome/77.0.3865.120 Safari/537.36"
::1 - - [27/Oct/2019:12:07:40 +0000] "GET /post/podcast/latest HTTP/1.1" 304 - "http://localhost:3000/" "Mozilla/5.0 (X11; Linux x86_64) AppleWebKit/537.36 (KHTML, like Gecko) Chrome/77.0.3865.120 Safari/537.36"
::1 - - [27/Oct/2019:14:38:23 +0000] "GET /post/podcast/latest HTTP/1.1" 304 - "http://localhost:3000/" "Mozilla/5.0 (X11; Linux x86_64) AppleWebKit/537.36 (KHTML, like Gecko) Chrome/77.0.3865.120 Safari/537.36"
::1 - - [27/Oct/2019:14:39:55 +0000] "GET /post/podcast/latest HTTP/1.1" 304 - "http://localhost:3000/" "Mozilla/5.0 (X11; Linux x86_64) AppleWebKit/537.36 (KHTML, like Gecko) Chrome/77.0.3865.120 Safari/537.36"
::1 - - [27/Oct/2019:14:40:08 +0000] "GET /post/podcast/latest HTTP/1.1" 304 - "http://localhost:3000/" "Mozilla/5.0 (X11; Linux x86_64) AppleWebKit/537.36 (KHTML, like Gecko) Chrome/77.0.3865.120 Safari/537.36"
::1 - - [27/Oct/2019:14:40:25 +0000] "GET /post/podcast/latest HTTP/1.1" 304 - "http://localhost:3000/" "Mozilla/5.0 (X11; Linux x86_64) AppleWebKit/537.36 (KHTML, like Gecko) Chrome/77.0.3865.120 Safari/537.36"
::1 - - [27/Oct/2019:14:43:19 +0000] "GET /post/podcast/latest HTTP/1.1" 304 - "http://localhost:3000/" "Mozilla/5.0 (X11; Linux x86_64) AppleWebKit/537.36 (KHTML, like Gecko) Chrome/77.0.3865.120 Safari/537.36"
::1 - - [27/Oct/2019:14:44:02 +0000] "GET /post/podcast/latest HTTP/1.1" 304 - "http://localhost:3000/" "Mozilla/5.0 (X11; Linux x86_64) AppleWebKit/537.36 (KHTML, like Gecko) Chrome/77.0.3865.120 Safari/537.36"
::1 - - [27/Oct/2019:14:44:16 +0000] "GET /post/podcast/latest HTTP/1.1" 304 - "http://localhost:3000/" "Mozilla/5.0 (X11; Linux x86_64) AppleWebKit/537.36 (KHTML, like Gecko) Chrome/77.0.3865.120 Safari/537.36"
::1 - - [27/Oct/2019:14:44:47 +0000] "GET /post/podcast/latest HTTP/1.1" 304 - "http://localhost:3000/" "Mozilla/5.0 (X11; Linux x86_64) AppleWebKit/537.36 (KHTML, like Gecko) Chrome/77.0.3865.120 Safari/537.36"
::1 - - [27/Oct/2019:14:45:06 +0000] "GET /post/podcast/latest HTTP/1.1" 304 - "http://localhost:3000/" "Mozilla/5.0 (X11; Linux x86_64) AppleWebKit/537.36 (KHTML, like Gecko) Chrome/77.0.3865.120 Safari/537.36"
::1 - - [27/Oct/2019:14:45:50 +0000] "GET /post/podcast/latest HTTP/1.1" 304 - "http://localhost:3000/" "Mozilla/5.0 (X11; Linux x86_64) AppleWebKit/537.36 (KHTML, like Gecko) Chrome/77.0.3865.120 Safari/537.36"
::1 - - [27/Oct/2019:14:50:38 +0000] "POST /post/ HTTP/1.1" 200 309 "-" "PostmanRuntime/7.19.0"
::1 - - [27/Oct/2019:14:52:42 +0000] "GET /post/podcast/latest HTTP/1.1" 200 261 "http://localhost:3000/" "Mozilla/5.0 (X11; Linux x86_64) AppleWebKit/537.36 (KHTML, like Gecko) Chrome/77.0.3865.120 Safari/537.36"
::1 - - [27/Oct/2019:14:56:07 +0000] "GET /post/podcast/latest HTTP/1.1" 304 - "http://localhost:3000/" "Mozilla/5.0 (X11; Linux x86_64) AppleWebKit/537.36 (KHTML, like Gecko) Chrome/77.0.3865.120 Safari/537.36"
::1 - - [27/Oct/2019:14:56:15 +0000] "GET /post/podcast/latest HTTP/1.1" 304 - "http://localhost:3000/" "Mozilla/5.0 (X11; Linux x86_64) AppleWebKit/537.36 (KHTML, like Gecko) Chrome/77.0.3865.120 Safari/537.36"
::1 - - [27/Oct/2019:14:57:09 +0000] "GET /post/podcast/latest HTTP/1.1" 304 - "http://localhost:3000/" "Mozilla/5.0 (X11; Linux x86_64) AppleWebKit/537.36 (KHTML, like Gecko) Chrome/77.0.3865.120 Safari/537.36"
::1 - - [27/Oct/2019:15:01:12 +0000] "GET /post/podcast/latest HTTP/1.1" 304 - "http://localhost:3000/" "Mozilla/5.0 (X11; Linux x86_64) AppleWebKit/537.36 (KHTML, like Gecko) Chrome/77.0.3865.120 Safari/537.36"
::1 - - [27/Oct/2019:15:01:19 +0000] "GET /post/podcast/latest HTTP/1.1" 304 - "http://localhost:3000/" "Mozilla/5.0 (X11; Linux x86_64) AppleWebKit/537.36 (KHTML, like Gecko) Chrome/77.0.3865.120 Safari/537.36"
::1 - - [27/Oct/2019:15:01:38 +0000] "GET /post/podcast/latest HTTP/1.1" 304 - "http://localhost:3000/" "Mozilla/5.0 (X11; Linux x86_64) AppleWebKit/537.36 (KHTML, like Gecko) Chrome/77.0.3865.120 Safari/537.36"
::1 - - [27/Oct/2019:15:02:43 +0000] "GET /post/podcast/latest HTTP/1.1" 304 - "http://localhost:3000/" "Mozilla/5.0 (X11; Linux x86_64) AppleWebKit/537.36 (KHTML, like Gecko) Chrome/77.0.3865.120 Safari/537.36"
::1 - - [27/Oct/2019:15:02:54 +0000] "GET /post/podcast/latest HTTP/1.1" 304 - "http://localhost:3000/" "Mozilla/5.0 (X11; Linux x86_64) AppleWebKit/537.36 (KHTML, like Gecko) Chrome/77.0.3865.120 Safari/537.36"
::1 - - [27/Oct/2019:15:03:41 +0000] "GET /post/podcast/latest HTTP/1.1" 304 - "http://localhost:3000/" "Mozilla/5.0 (X11; Linux x86_64) AppleWebKit/537.36 (KHTML, like Gecko) Chrome/77.0.3865.120 Safari/537.36"
::1 - - [27/Oct/2019:15:15:12 +0000] "GET /post/podcast/latest HTTP/1.1" 304 - "http://localhost:3000/" "Mozilla/5.0 (X11; Linux x86_64) AppleWebKit/537.36 (KHTML, like Gecko) Chrome/77.0.3865.120 Safari/537.36"
::1 - - [27/Oct/2019:15:15:33 +0000] "GET /post/podcast/latest HTTP/1.1" 304 - "http://localhost:3000/" "Mozilla/5.0 (X11; Linux x86_64) AppleWebKit/537.36 (KHTML, like Gecko) Chrome/77.0.3865.120 Safari/537.36"
::1 - - [27/Oct/2019:15:15:53 +0000] "GET /post/podcast/latest HTTP/1.1" 304 - "http://localhost:3000/" "Mozilla/5.0 (X11; Linux x86_64) AppleWebKit/537.36 (KHTML, like Gecko) Chrome/77.0.3865.120 Safari/537.36"
::1 - - [27/Oct/2019:15:16:01 +0000] "GET /post/podcast/latest HTTP/1.1" 304 - "http://localhost:3000/" "Mozilla/5.0 (X11; Linux x86_64) AppleWebKit/537.36 (KHTML, like Gecko) Chrome/77.0.3865.120 Safari/537.36"
::1 - - [27/Oct/2019:15:16:47 +0000] "GET /post/podcast/latest HTTP/1.1" 304 - "http://localhost:3000/" "Mozilla/5.0 (X11; Linux x86_64) AppleWebKit/537.36 (KHTML, like Gecko) Chrome/77.0.3865.120 Safari/537.36"
::1 - - [27/Oct/2019:15:17:08 +0000] "GET /post/podcast/latest HTTP/1.1" 304 - "http://localhost:3000/" "Mozilla/5.0 (X11; Linux x86_64) AppleWebKit/537.36 (KHTML, like Gecko) Chrome/77.0.3865.120 Safari/537.36"
::1 - - [27/Oct/2019:15:20:55 +0000] "GET /post/podcast/latest HTTP/1.1" 304 - "http://localhost:3000/" "Mozilla/5.0 (X11; Linux x86_64) AppleWebKit/537.36 (KHTML, like Gecko) Chrome/77.0.3865.120 Safari/537.36"
::1 - - [27/Oct/2019:15:21:14 +0000] "GET /post/podcast/latest HTTP/1.1" 304 - "http://localhost:3000/" "Mozilla/5.0 (X11; Linux x86_64) AppleWebKit/537.36 (KHTML, like Gecko) Chrome/77.0.3865.120 Safari/537.36"
::1 - - [27/Oct/2019:15:21:30 +0000] "GET /post/podcast/latest HTTP/1.1" 304 - "http://localhost:3000/" "Mozilla/5.0 (X11; Linux x86_64) AppleWebKit/537.36 (KHTML, like Gecko) Chrome/77.0.3865.120 Safari/537.36"
::1 - - [27/Oct/2019:15:53:33 +0000] "POST /podcasts HTTP/1.1" 200 13771 "-" "PostmanRuntime/7.19.0"
::1 - - [27/Oct/2019:15:54:08 +0000] "GET /podcasts/latest HTTP/1.1" 200 13727 "-" "PostmanRuntime/7.19.0"
::1 - - [27/Oct/2019:15:54:20 +0000] "GET /post/podcast/latest HTTP/1.1" 304 - "http://localhost:3000/" "Mozilla/5.0 (X11; Linux x86_64) AppleWebKit/537.36 (KHTML, like Gecko) Chrome/77.0.3865.120 Safari/537.36"
::1 - - [27/Oct/2019:15:55:24 +0000] "GET /podcasts/latest HTTP/1.1" 200 13727 "http://localhost:3000/" "Mozilla/5.0 (X11; Linux x86_64) AppleWebKit/537.36 (KHTML, like Gecko) Chrome/77.0.3865.120 Safari/537.36"
::1 - - [27/Oct/2019:15:58:01 +0000] "GET /podcasts/latest HTTP/1.1" 200 13853 "-" "PostmanRuntime/7.19.0"
::1 - - [27/Oct/2019:16:12:35 +0000] "PATCH /user/update HTTP/1.1" 400 59 "-" "PostmanRuntime/7.19.0"
::1 - - [27/Oct/2019:16:13:03 +0000] "PATCH /user/update HTTP/1.1" 200 160 "-" "PostmanRuntime/7.19.0"
::1 - - [27/Oct/2019:16:15:43 +0000] "PATCH /user/update HTTP/1.1" 200 171 "-" "PostmanRuntime/7.19.0"
::1 - - [27/Oct/2019:16:17:20 +0000] "PATCH /user/update HTTP/1.1" 200 171 "-" "PostmanRuntime/7.19.0"
::1 - - [27/Oct/2019:16:17:31 +0000] "PATCH /user/update HTTP/1.1" 200 171 "-" "PostmanRuntime/7.19.0"
::1 - - [27/Oct/2019:16:17:38 +0000] "PATCH /user/update HTTP/1.1" 200 171 "-" "PostmanRuntime/7.19.0"
::1 - - [27/Oct/2019:16:17:41 +0000] "PATCH /user/update HTTP/1.1" 200 175 "-" "PostmanRuntime/7.19.0"
::1 - - [27/Oct/2019:16:17:46 +0000] "PATCH /user/update HTTP/1.1" 200 171 "-" "PostmanRuntime/7.19.0"
::1 - - [27/Oct/2019:16:18:07 +0000] "GET /podcasts/latest HTTP/1.1" 200 13864 "http://localhost:3000/" "Mozilla/5.0 (X11; Linux x86_64) AppleWebKit/537.36 (KHTML, like Gecko) Chrome/77.0.3865.120 Safari/537.36"
::1 - - [27/Oct/2019:16:18:19 +0000] "PATCH /user/update HTTP/1.1" 200 175 "-" "PostmanRuntime/7.19.0"
::1 - - [27/Oct/2019:16:18:23 +0000] "GET /podcasts/latest HTTP/1.1" 200 13868 "http://localhost:3000/" "Mozilla/5.0 (X11; Linux x86_64) AppleWebKit/537.36 (KHTML, like Gecko) Chrome/77.0.3865.120 Safari/537.36"
::1 - - [27/Oct/2019:16:19:39 +0000] "GET /podcasts/latest HTTP/1.1" 304 - "http://localhost:3000/" "Mozilla/5.0 (X11; Linux x86_64) AppleWebKit/537.36 (KHTML, like Gecko) Chrome/77.0.3865.120 Safari/537.36"
::1 - - [30/Oct/2019:14:14:47 +0000] "GET /podcasts/latest HTTP/1.1" 200 13868 "http://localhost:3000/" "Mozilla/5.0 (X11; Linux x86_64) AppleWebKit/537.36 (KHTML, like Gecko) Chrome/77.0.3865.120 Safari/537.36"
::1 - - [30/Oct/2019:14:23:25 +0000] "GET /podcasts/latest HTTP/1.1" 304 - "http://localhost:3000/" "Mozilla/5.0 (X11; Linux x86_64) AppleWebKit/537.36 (KHTML, like Gecko) Chrome/77.0.3865.120 Safari/537.36"
::1 - - [30/Oct/2019:14:27:19 +0000] "GET /podcasts/latest HTTP/1.1" 304 - "http://localhost:3000/" "Mozilla/5.0 (X11; Linux x86_64) AppleWebKit/537.36 (KHTML, like Gecko) Chrome/77.0.3865.120 Safari/537.36"
::1 - - [30/Oct/2019:14:36:28 +0000] "GET /podcasts/latest HTTP/1.1" 304 - "http://localhost:3000/" "Mozilla/5.0 (X11; Linux x86_64) AppleWebKit/537.36 (KHTML, like Gecko) Chrome/77.0.3865.120 Safari/537.36"
::1 - - [30/Oct/2019:14:49:25 +0000] "GET /podcasts/latest HTTP/1.1" 304 - "http://localhost:3000/" "Mozilla/5.0 (X11; Linux x86_64) AppleWebKit/537.36 (KHTML, like Gecko) Chrome/77.0.3865.120 Safari/537.36"
::1 - - [30/Oct/2019:14:50:27 +0000] "GET /podcasts/latest HTTP/1.1" 304 - "http://localhost:3000/" "Mozilla/5.0 (X11; Linux x86_64) AppleWebKit/537.36 (KHTML, like Gecko) Chrome/77.0.3865.120 Safari/537.36"
::1 - - [30/Oct/2019:14:50:42 +0000] "GET /podcasts/latest HTTP/1.1" 304 - "http://localhost:3000/" "Mozilla/5.0 (X11; Linux x86_64) AppleWebKit/537.36 (KHTML, like Gecko) Chrome/77.0.3865.120 Safari/537.36"
::1 - - [30/Oct/2019:14:50:50 +0000] "GET /podcasts/latest HTTP/1.1" 304 - "http://localhost:3000/" "Mozilla/5.0 (X11; Linux x86_64) AppleWebKit/537.36 (KHTML, like Gecko) Chrome/77.0.3865.120 Safari/537.36"
::1 - - [30/Oct/2019:14:54:47 +0000] "GET /podcasts/latest HTTP/1.1" 304 - "http://localhost:3000/" "Mozilla/5.0 (X11; Linux x86_64) AppleWebKit/537.36 (KHTML, like Gecko) Chrome/77.0.3865.120 Safari/537.36"
::1 - - [30/Oct/2019:14:54:47 +0000] "GET /post/reading/latest HTTP/1.1" 200 12 "http://localhost:3000/" "Mozilla/5.0 (X11; Linux x86_64) AppleWebKit/537.36 (KHTML, like Gecko) Chrome/77.0.3865.120 Safari/537.36"
::1 - - [30/Oct/2019:14:54:53 +0000] "GET /podcasts/latest HTTP/1.1" 304 - "http://localhost:3000/" "Mozilla/5.0 (X11; Linux x86_64) AppleWebKit/537.36 (KHTML, like Gecko) Chrome/77.0.3865.120 Safari/537.36"
::1 - - [30/Oct/2019:14:54:53 +0000] "GET /post/reading/latest HTTP/1.1" 304 - "http://localhost:3000/" "Mozilla/5.0 (X11; Linux x86_64) AppleWebKit/537.36 (KHTML, like Gecko) Chrome/77.0.3865.120 Safari/537.36"
::1 - - [30/Oct/2019:14:55:02 +0000] "GET /podcasts/latest HTTP/1.1" 304 - "http://localhost:3000/" "Mozilla/5.0 (X11; Linux x86_64) AppleWebKit/537.36 (KHTML, like Gecko) Chrome/77.0.3865.120 Safari/537.36"
::1 - - [30/Oct/2019:14:55:02 +0000] "GET /post/reading/latest HTTP/1.1" 304 - "http://localhost:3000/" "Mozilla/5.0 (X11; Linux x86_64) AppleWebKit/537.36 (KHTML, like Gecko) Chrome/77.0.3865.120 Safari/537.36"
::1 - - [30/Oct/2019:15:09:36 +0000] "GET /post/reading/latest HTTP/1.1" 304 - "http://localhost:3000/" "Mozilla/5.0 (X11; Linux x86_64) AppleWebKit/537.36 (KHTML, like Gecko) Chrome/77.0.3865.120 Safari/537.36"
::1 - - [30/Oct/2019:15:09:36 +0000] "GET /podcasts/latest HTTP/1.1" 304 - "http://localhost:3000/" "Mozilla/5.0 (X11; Linux x86_64) AppleWebKit/537.36 (KHTML, like Gecko) Chrome/77.0.3865.120 Safari/537.36"
::1 - - [30/Oct/2019:15:10:55 +0000] "GET /post/reading/latest HTTP/1.1" 304 - "http://localhost:3000/" "Mozilla/5.0 (X11; Linux x86_64) AppleWebKit/537.36 (KHTML, like Gecko) Chrome/77.0.3865.120 Safari/537.36"
::1 - - [30/Oct/2019:15:10:55 +0000] "GET /podcasts/latest HTTP/1.1" 304 - "http://localhost:3000/" "Mozilla/5.0 (X11; Linux x86_64) AppleWebKit/537.36 (KHTML, like Gecko) Chrome/77.0.3865.120 Safari/537.36"
::1 - - [30/Oct/2019:15:11:04 +0000] "GET /post/reading/latest HTTP/1.1" 304 - "http://localhost:3000/" "Mozilla/5.0 (X11; Linux x86_64) AppleWebKit/537.36 (KHTML, like Gecko) Chrome/77.0.3865.120 Safari/537.36"
::1 - - [30/Oct/2019:15:11:04 +0000] "GET /podcasts/latest HTTP/1.1" 304 - "http://localhost:3000/" "Mozilla/5.0 (X11; Linux x86_64) AppleWebKit/537.36 (KHTML, like Gecko) Chrome/77.0.3865.120 Safari/537.36"
::1 - - [30/Oct/2019:15:12:07 +0000] "GET /podcasts/latest HTTP/1.1" 304 - "http://localhost:3000/" "Mozilla/5.0 (X11; Linux x86_64) AppleWebKit/537.36 (KHTML, like Gecko) Chrome/77.0.3865.120 Safari/537.36"
::1 - - [30/Oct/2019:15:12:07 +0000] "GET /post/reading/latest HTTP/1.1" 304 - "http://localhost:3000/" "Mozilla/5.0 (X11; Linux x86_64) AppleWebKit/537.36 (KHTML, like Gecko) Chrome/77.0.3865.120 Safari/537.36"
::1 - - [30/Oct/2019:15:13:26 +0000] "GET /post/reading/latest HTTP/1.1" 304 - "http://localhost:3000/" "Mozilla/5.0 (X11; Linux x86_64) AppleWebKit/537.36 (KHTML, like Gecko) Chrome/77.0.3865.120 Safari/537.36"
::1 - - [30/Oct/2019:15:13:26 +0000] "GET /podcasts/latest HTTP/1.1" 304 - "http://localhost:3000/" "Mozilla/5.0 (X11; Linux x86_64) AppleWebKit/537.36 (KHTML, like Gecko) Chrome/77.0.3865.120 Safari/537.36"
::1 - - [30/Oct/2019:15:13:37 +0000] "GET /post/reading/latest HTTP/1.1" 304 - "http://localhost:3000/" "Mozilla/5.0 (X11; Linux x86_64) AppleWebKit/537.36 (KHTML, like Gecko) Chrome/77.0.3865.120 Safari/537.36"
::1 - - [30/Oct/2019:15:13:37 +0000] "GET /podcasts/latest HTTP/1.1" 304 - "http://localhost:3000/" "Mozilla/5.0 (X11; Linux x86_64) AppleWebKit/537.36 (KHTML, like Gecko) Chrome/77.0.3865.120 Safari/537.36"
::1 - - [30/Oct/2019:15:15:05 +0000] "GET /podcasts/latest HTTP/1.1" 304 - "http://localhost:3000/" "Mozilla/5.0 (X11; Linux x86_64) AppleWebKit/537.36 (KHTML, like Gecko) Chrome/77.0.3865.120 Safari/537.36"
::1 - - [30/Oct/2019:15:15:05 +0000] "GET /post/reading/latest HTTP/1.1" 304 - "http://localhost:3000/" "Mozilla/5.0 (X11; Linux x86_64) AppleWebKit/537.36 (KHTML, like Gecko) Chrome/77.0.3865.120 Safari/537.36"
::1 - - [30/Oct/2019:15:15:13 +0000] "GET /podcasts/latest HTTP/1.1" 304 - "http://localhost:3000/" "Mozilla/5.0 (X11; Linux x86_64) AppleWebKit/537.36 (KHTML, like Gecko) Chrome/77.0.3865.120 Safari/537.36"
::1 - - [30/Oct/2019:15:15:13 +0000] "GET /post/reading/latest HTTP/1.1" 304 - "http://localhost:3000/" "Mozilla/5.0 (X11; Linux x86_64) AppleWebKit/537.36 (KHTML, like Gecko) Chrome/77.0.3865.120 Safari/537.36"
::1 - - [30/Oct/2019:15:16:34 +0000] "GET /post HTTP/1.1" 200 13 "-" "PostmanRuntime/7.19.0"
::1 - - [30/Oct/2019:15:20:41 +0000] "POST /post HTTP/1.1" 200 1336 "-" "PostmanRuntime/7.19.0"
::1 - - [30/Oct/2019:15:20:57 +0000] "GET /podcasts/latest HTTP/1.1" 304 - "http://localhost:3000/" "Mozilla/5.0 (X11; Linux x86_64) AppleWebKit/537.36 (KHTML, like Gecko) Chrome/77.0.3865.120 Safari/537.36"
::1 - - [30/Oct/2019:15:20:57 +0000] "GET /post/reading/latest HTTP/1.1" 200 1429 "http://localhost:3000/" "Mozilla/5.0 (X11; Linux x86_64) AppleWebKit/537.36 (KHTML, like Gecko) Chrome/77.0.3865.120 Safari/537.36"
::1 - - [30/Oct/2019:15:21:27 +0000] "GET /podcasts/latest HTTP/1.1" 304 - "http://localhost:3000/" "Mozilla/5.0 (X11; Linux x86_64) AppleWebKit/537.36 (KHTML, like Gecko) Chrome/77.0.3865.120 Safari/537.36"
::1 - - [30/Oct/2019:15:21:27 +0000] "GET /post/reading/latest HTTP/1.1" 304 - "http://localhost:3000/" "Mozilla/5.0 (X11; Linux x86_64) AppleWebKit/537.36 (KHTML, like Gecko) Chrome/77.0.3865.120 Safari/537.36"
::1 - - [30/Oct/2019:15:22:11 +0000] "GET /podcasts/latest HTTP/1.1" 304 - "http://localhost:3000/" "Mozilla/5.0 (X11; Linux x86_64) AppleWebKit/537.36 (KHTML, like Gecko) Chrome/77.0.3865.120 Safari/537.36"
::1 - - [30/Oct/2019:15:22:11 +0000] "GET /post/reading/latest HTTP/1.1" 304 - "http://localhost:3000/" "Mozilla/5.0 (X11; Linux x86_64) AppleWebKit/537.36 (KHTML, like Gecko) Chrome/77.0.3865.120 Safari/537.36"
::1 - - [30/Oct/2019:15:23:34 +0000] "GET /podcasts/latest HTTP/1.1" 304 - "http://localhost:3000/" "Mozilla/5.0 (X11; Linux x86_64) AppleWebKit/537.36 (KHTML, like Gecko) Chrome/77.0.3865.120 Safari/537.36"
::1 - - [30/Oct/2019:15:23:34 +0000] "GET /post/reading/latest HTTP/1.1" 304 - "http://localhost:3000/" "Mozilla/5.0 (X11; Linux x86_64) AppleWebKit/537.36 (KHTML, like Gecko) Chrome/77.0.3865.120 Safari/537.36"
::1 - - [30/Oct/2019:15:24:09 +0000] "GET /podcasts/latest HTTP/1.1" 304 - "http://localhost:3000/" "Mozilla/5.0 (X11; Linux x86_64) AppleWebKit/537.36 (KHTML, like Gecko) Chrome/77.0.3865.120 Safari/537.36"
::1 - - [30/Oct/2019:15:24:09 +0000] "GET /post/reading/latest HTTP/1.1" 304 - "http://localhost:3000/" "Mozilla/5.0 (X11; Linux x86_64) AppleWebKit/537.36 (KHTML, like Gecko) Chrome/77.0.3865.120 Safari/537.36"
::1 - - [30/Oct/2019:15:26:17 +0000] "GET /podcasts/latest HTTP/1.1" 304 - "http://localhost:3000/" "Mozilla/5.0 (X11; Linux x86_64) AppleWebKit/537.36 (KHTML, like Gecko) Chrome/77.0.3865.120 Safari/537.36"
::1 - - [30/Oct/2019:15:26:17 +0000] "GET /post/reading/latest HTTP/1.1" 304 - "http://localhost:3000/" "Mozilla/5.0 (X11; Linux x86_64) AppleWebKit/537.36 (KHTML, like Gecko) Chrome/77.0.3865.120 Safari/537.36"
::1 - - [30/Oct/2019:15:27:16 +0000] "GET /podcasts/latest HTTP/1.1" 304 - "http://localhost:3000/" "Mozilla/5.0 (X11; Linux x86_64) AppleWebKit/537.36 (KHTML, like Gecko) Chrome/77.0.3865.120 Safari/537.36"
::1 - - [30/Oct/2019:15:27:16 +0000] "GET /post/reading/latest HTTP/1.1" 304 - "http://localhost:3000/" "Mozilla/5.0 (X11; Linux x86_64) AppleWebKit/537.36 (KHTML, like Gecko) Chrome/77.0.3865.120 Safari/537.36"
::1 - - [30/Oct/2019:15:29:30 +0000] "GET /podcasts/latest HTTP/1.1" 304 - "http://localhost:3000/" "Mozilla/5.0 (X11; Linux x86_64) AppleWebKit/537.36 (KHTML, like Gecko) Chrome/77.0.3865.120 Safari/537.36"
::1 - - [30/Oct/2019:15:29:30 +0000] "GET /post/reading/latest HTTP/1.1" 304 - "http://localhost:3000/" "Mozilla/5.0 (X11; Linux x86_64) AppleWebKit/537.36 (KHTML, like Gecko) Chrome/77.0.3865.120 Safari/537.36"
::1 - - [30/Oct/2019:15:30:47 +0000] "GET /podcasts/latest HTTP/1.1" 304 - "http://localhost:3000/" "Mozilla/5.0 (X11; Linux x86_64) AppleWebKit/537.36 (KHTML, like Gecko) Chrome/77.0.3865.120 Safari/537.36"
::1 - - [30/Oct/2019:15:30:47 +0000] "GET /post/reading/latest HTTP/1.1" 304 - "http://localhost:3000/" "Mozilla/5.0 (X11; Linux x86_64) AppleWebKit/537.36 (KHTML, like Gecko) Chrome/77.0.3865.120 Safari/537.36"
::1 - - [30/Oct/2019:15:30:51 +0000] "GET /post/listening/latest HTTP/1.1" 200 12 "http://localhost:3000/" "Mozilla/5.0 (X11; Linux x86_64) AppleWebKit/537.36 (KHTML, like Gecko) Chrome/77.0.3865.120 Safari/537.36"
::1 - - [30/Oct/2019:15:31:14 +0000] "GET /podcasts/latest HTTP/1.1" 304 - "http://localhost:3000/" "Mozilla/5.0 (X11; Linux x86_64) AppleWebKit/537.36 (KHTML, like Gecko) Chrome/77.0.3865.120 Safari/537.36"
::1 - - [30/Oct/2019:15:31:14 +0000] "GET /post/reading/latest HTTP/1.1" 304 - "http://localhost:3000/" "Mozilla/5.0 (X11; Linux x86_64) AppleWebKit/537.36 (KHTML, like Gecko) Chrome/77.0.3865.120 Safari/537.36"
::1 - - [30/Oct/2019:15:31:19 +0000] "GET /post/listening/latest HTTP/1.1" 304 - "http://localhost:3000/" "Mozilla/5.0 (X11; Linux x86_64) AppleWebKit/537.36 (KHTML, like Gecko) Chrome/77.0.3865.120 Safari/537.36"
::1 - - [30/Oct/2019:15:32:06 +0000] "POST /post HTTP/1.1" 200 2055 "-" "PostmanRuntime/7.19.0"
::1 - - [30/Oct/2019:15:32:30 +0000] "POST /post HTTP/1.1" 200 1066 "-" "PostmanRuntime/7.19.0"
::1 - - [30/Oct/2019:15:32:45 +0000] "POST /post HTTP/1.1" 200 2103 "-" "PostmanRuntime/7.19.0"
::1 - - [30/Oct/2019:15:32:49 +0000] "GET /podcasts/latest HTTP/1.1" 304 - "http://localhost:3000/" "Mozilla/5.0 (X11; Linux x86_64) AppleWebKit/537.36 (KHTML, like Gecko) Chrome/77.0.3865.120 Safari/537.36"
::1 - - [30/Oct/2019:15:32:49 +0000] "GET /post/reading/latest HTTP/1.1" 304 - "http://localhost:3000/" "Mozilla/5.0 (X11; Linux x86_64) AppleWebKit/537.36 (KHTML, like Gecko) Chrome/77.0.3865.120 Safari/537.36"
::1 - - [30/Oct/2019:15:32:51 +0000] "GET /post/listening/latest HTTP/1.1" 200 2146 "http://localhost:3000/" "Mozilla/5.0 (X11; Linux x86_64) AppleWebKit/537.36 (KHTML, like Gecko) Chrome/77.0.3865.120 Safari/537.36"
::1 - - [30/Oct/2019:15:32:52 +0000] "GET /post/speaking/latest HTTP/1.1" 200 1158 "http://localhost:3000/" "Mozilla/5.0 (X11; Linux x86_64) AppleWebKit/537.36 (KHTML, like Gecko) Chrome/77.0.3865.120 Safari/537.36"
::1 - - [30/Oct/2019:15:32:53 +0000] "GET /post/writing/latest HTTP/1.1" 200 2196 "http://localhost:3000/" "Mozilla/5.0 (X11; Linux x86_64) AppleWebKit/537.36 (KHTML, like Gecko) Chrome/77.0.3865.120 Safari/537.36"
::1 - - [30/Oct/2019:15:32:55 +0000] "GET /post/2/latest HTTP/1.1" 200 12 "http://localhost:3000/" "Mozilla/5.0 (X11; Linux x86_64) AppleWebKit/537.36 (KHTML, like Gecko) Chrome/77.0.3865.120 Safari/537.36"
::1 - - [30/Oct/2019:15:33:07 +0000] "GET /podcasts/latest HTTP/1.1" 304 - "http://localhost:3000/" "Mozilla/5.0 (X11; Linux x86_64) AppleWebKit/537.36 (KHTML, like Gecko) Chrome/77.0.3865.120 Safari/537.36"
::1 - - [30/Oct/2019:15:33:07 +0000] "GET /post/reading/latest HTTP/1.1" 304 - "http://localhost:3000/" "Mozilla/5.0 (X11; Linux x86_64) AppleWebKit/537.36 (KHTML, like Gecko) Chrome/77.0.3865.120 Safari/537.36"
::1 - - [30/Oct/2019:15:33:09 +0000] "GET /post/listening/latest HTTP/1.1" 304 - "http://localhost:3000/" "Mozilla/5.0 (X11; Linux x86_64) AppleWebKit/537.36 (KHTML, like Gecko) Chrome/77.0.3865.120 Safari/537.36"
::1 - - [30/Oct/2019:15:33:10 +0000] "GET /post/speaking/latest HTTP/1.1" 304 - "http://localhost:3000/" "Mozilla/5.0 (X11; Linux x86_64) AppleWebKit/537.36 (KHTML, like Gecko) Chrome/77.0.3865.120 Safari/537.36"
::1 - - [30/Oct/2019:15:33:12 +0000] "GET /post/writing/latest HTTP/1.1" 304 - "http://localhost:3000/" "Mozilla/5.0 (X11; Linux x86_64) AppleWebKit/537.36 (KHTML, like Gecko) Chrome/77.0.3865.120 Safari/537.36"
::1 - - [30/Oct/2019:15:33:30 +0000] "GET /podcasts/latest HTTP/1.1" 304 - "http://localhost:3000/" "Mozilla/5.0 (X11; Linux x86_64) AppleWebKit/537.36 (KHTML, like Gecko) Chrome/77.0.3865.120 Safari/537.36"
::1 - - [30/Oct/2019:15:33:30 +0000] "GET /post/reading/latest HTTP/1.1" 304 - "http://localhost:3000/" "Mozilla/5.0 (X11; Linux x86_64) AppleWebKit/537.36 (KHTML, like Gecko) Chrome/77.0.3865.120 Safari/537.36"
::1 - - [30/Oct/2019:15:33:48 +0000] "GET /podcasts/latest HTTP/1.1" 304 - "http://localhost:3000/" "Mozilla/5.0 (X11; Linux x86_64) AppleWebKit/537.36 (KHTML, like Gecko) Chrome/77.0.3865.120 Safari/537.36"
::1 - - [30/Oct/2019:15:33:48 +0000] "GET /post/reading/latest HTTP/1.1" 304 - "http://localhost:3000/" "Mozilla/5.0 (X11; Linux x86_64) AppleWebKit/537.36 (KHTML, like Gecko) Chrome/77.0.3865.120 Safari/537.36"
::1 - - [30/Oct/2019:15:33:55 +0000] "GET /podcasts/latest HTTP/1.1" 304 - "http://localhost:3000/" "Mozilla/5.0 (X11; Linux x86_64) AppleWebKit/537.36 (KHTML, like Gecko) Chrome/77.0.3865.120 Safari/537.36"
::1 - - [30/Oct/2019:15:33:55 +0000] "GET /post/reading/latest HTTP/1.1" 304 - "http://localhost:3000/" "Mozilla/5.0 (X11; Linux x86_64) AppleWebKit/537.36 (KHTML, like Gecko) Chrome/77.0.3865.120 Safari/537.36"
::1 - - [30/Oct/2019:15:34:31 +0000] "GET /podcasts/latest HTTP/1.1" 304 - "http://localhost:3000/" "Mozilla/5.0 (X11; Linux x86_64) AppleWebKit/537.36 (KHTML, like Gecko) Chrome/77.0.3865.120 Safari/537.36"
::1 - - [30/Oct/2019:15:34:32 +0000] "GET /post/reading/latest HTTP/1.1" 304 - "http://localhost:3000/" "Mozilla/5.0 (X11; Linux x86_64) AppleWebKit/537.36 (KHTML, like Gecko) Chrome/77.0.3865.120 Safari/537.36"
::1 - - [30/Oct/2019:15:34:36 +0000] "GET /post/listening/latest HTTP/1.1" 304 - "http://localhost:3000/" "Mozilla/5.0 (X11; Linux x86_64) AppleWebKit/537.36 (KHTML, like Gecko) Chrome/77.0.3865.120 Safari/537.36"
::1 - - [30/Oct/2019:15:34:38 +0000] "GET /post/speaking/latest HTTP/1.1" 304 - "http://localhost:3000/" "Mozilla/5.0 (X11; Linux x86_64) AppleWebKit/537.36 (KHTML, like Gecko) Chrome/77.0.3865.120 Safari/537.36"
::1 - - [30/Oct/2019:15:34:39 +0000] "GET /post/writing/latest HTTP/1.1" 304 - "http://localhost:3000/" "Mozilla/5.0 (X11; Linux x86_64) AppleWebKit/537.36 (KHTML, like Gecko) Chrome/77.0.3865.120 Safari/537.36"
::1 - - [30/Oct/2019:15:34:40 +0000] "GET /post/listening/latest HTTP/1.1" 304 - "http://localhost:3000/" "Mozilla/5.0 (X11; Linux x86_64) AppleWebKit/537.36 (KHTML, like Gecko) Chrome/77.0.3865.120 Safari/537.36"
::1 - - [30/Oct/2019:15:34:41 +0000] "GET /post/reading/latest HTTP/1.1" 304 - "http://localhost:3000/" "Mozilla/5.0 (X11; Linux x86_64) AppleWebKit/537.36 (KHTML, like Gecko) Chrome/77.0.3865.120 Safari/537.36"
::1 - - [30/Oct/2019:15:34:42 +0000] "GET /post/speaking/latest HTTP/1.1" 304 - "http://localhost:3000/" "Mozilla/5.0 (X11; Linux x86_64) AppleWebKit/537.36 (KHTML, like Gecko) Chrome/77.0.3865.120 Safari/537.36"
::1 - - [30/Oct/2019:15:34:43 +0000] "GET /post/listening/latest HTTP/1.1" 304 - "http://localhost:3000/" "Mozilla/5.0 (X11; Linux x86_64) AppleWebKit/537.36 (KHTML, like Gecko) Chrome/77.0.3865.120 Safari/537.36"
::1 - - [30/Oct/2019:15:34:45 +0000] "GET /post/writing/latest HTTP/1.1" 304 - "http://localhost:3000/" "Mozilla/5.0 (X11; Linux x86_64) AppleWebKit/537.36 (KHTML, like Gecko) Chrome/77.0.3865.120 Safari/537.36"
::1 - - [30/Oct/2019:15:34:46 +0000] "GET /post/reading/latest HTTP/1.1" 304 - "http://localhost:3000/" "Mozilla/5.0 (X11; Linux x86_64) AppleWebKit/537.36 (KHTML, like Gecko) Chrome/77.0.3865.120 Safari/537.36"
::1 - - [30/Oct/2019:15:34:51 +0000] "GET /post/listening/latest HTTP/1.1" 304 - "http://localhost:3000/" "Mozilla/5.0 (X11; Linux x86_64) AppleWebKit/537.36 (KHTML, like Gecko) Chrome/77.0.3865.120 Safari/537.36"
::1 - - [30/Oct/2019:15:34:52 +0000] "GET /post/speaking/latest HTTP/1.1" 304 - "http://localhost:3000/" "Mozilla/5.0 (X11; Linux x86_64) AppleWebKit/537.36 (KHTML, like Gecko) Chrome/77.0.3865.120 Safari/537.36"
::1 - - [30/Oct/2019:15:34:53 +0000] "GET /post/writing/latest HTTP/1.1" 304 - "http://localhost:3000/" "Mozilla/5.0 (X11; Linux x86_64) AppleWebKit/537.36 (KHTML, like Gecko) Chrome/77.0.3865.120 Safari/537.36"
::1 - - [30/Oct/2019:15:34:54 +0000] "GET /post/reading/latest HTTP/1.1" 304 - "http://localhost:3000/" "Mozilla/5.0 (X11; Linux x86_64) AppleWebKit/537.36 (KHTML, like Gecko) Chrome/77.0.3865.120 Safari/537.36"
::1 - - [30/Oct/2019:15:36:33 +0000] "GET /podcasts/latest HTTP/1.1" 304 - "http://localhost:3000/" "Mozilla/5.0 (X11; Linux x86_64) AppleWebKit/537.36 (KHTML, like Gecko) Chrome/77.0.3865.120 Safari/537.36"
::1 - - [30/Oct/2019:15:36:33 +0000] "GET /post/Reading/latest HTTP/1.1" 200 12 "http://localhost:3000/" "Mozilla/5.0 (X11; Linux x86_64) AppleWebKit/537.36 (KHTML, like Gecko) Chrome/77.0.3865.120 Safari/537.36"
::1 - - [30/Oct/2019:15:37:50 +0000] "GET /post/Reaing/latest HTTP/1.1" 200 12 "-" "PostmanRuntime/7.19.0"
::1 - - [30/Oct/2019:15:37:57 +0000] "GET /post/Reading/latest HTTP/1.1" 200 12 "-" "PostmanRuntime/7.19.0"
::1 - - [30/Oct/2019:15:38:37 +0000] "GET /post/Reading/latest HTTP/1.1" 200 12 "-" "PostmanRuntime/7.19.0"
::1 - - [30/Oct/2019:15:39:52 +0000] "GET /post/Reading/latest HTTP/1.1" 200 12 "-" "PostmanRuntime/7.19.0"
::1 - - [30/Oct/2019:15:40:51 +0000] "GET /post/Reading/latest HTTP/1.1" 304 - "http://localhost:3000/" "Mozilla/5.0 (X11; Linux x86_64) AppleWebKit/537.36 (KHTML, like Gecko) Chrome/77.0.3865.120 Safari/537.36"
::1 - - [30/Oct/2019:15:40:51 +0000] "GET /podcasts/latest HTTP/1.1" 304 - "http://localhost:3000/" "Mozilla/5.0 (X11; Linux x86_64) AppleWebKit/537.36 (KHTML, like Gecko) Chrome/77.0.3865.120 Safari/537.36"
::1 - - [30/Oct/2019:15:40:57 +0000] "GET /post/Reading/latest HTTP/1.1" 200 12 "-" "PostmanRuntime/7.19.0"
::1 - - [30/Oct/2019:15:44:02 +0000] "GET /post/Reading/latest HTTP/1.1" 200 12 "-" "PostmanRuntime/7.19.0"
::1 - - [30/Oct/2019:15:44:07 +0000] "GET /post/Listening/latest HTTP/1.1" 200 12 "-" "PostmanRuntime/7.19.0"
::1 - - [30/Oct/2019:15:44:37 +0000] "GET /post/Listening/latest HTTP/1.1" 200 12 "-" "PostmanRuntime/7.19.0"
::1 - - [30/Oct/2019:15:44:52 +0000] "GET /post/Listening/latest HTTP/1.1" 400 65 "-" "PostmanRuntime/7.19.0"
::1 - - [30/Oct/2019:15:45:06 +0000] "GET /post/Listening/latest HTTP/1.1" 400 65 "-" "PostmanRuntime/7.19.0"
::1 - - [30/Oct/2019:15:45:43 +0000] "GET /post/Listening/latest HTTP/1.1" 200 12 "-" "PostmanRuntime/7.19.0"
::1 - - [30/Oct/2019:15:45:53 +0000] "GET /post/Listening/latest HTTP/1.1" 200 2146 "-" "PostmanRuntime/7.19.0"
::1 - - [30/Oct/2019:15:46:16 +0000] "GET /podcasts/latest HTTP/1.1" 304 - "http://localhost:3000/" "Mozilla/5.0 (X11; Linux x86_64) AppleWebKit/537.36 (KHTML, like Gecko) Chrome/77.0.3865.120 Safari/537.36"
::1 - - [30/Oct/2019:15:46:16 +0000] "GET /post/Reading/latest HTTP/1.1" 200 1429 "http://localhost:3000/" "Mozilla/5.0 (X11; Linux x86_64) AppleWebKit/537.36 (KHTML, like Gecko) Chrome/77.0.3865.120 Safari/537.36"
::1 - - [30/Oct/2019:15:46:21 +0000] "GET /post/Listening/latest HTTP/1.1" 200 2146 "http://localhost:3000/" "Mozilla/5.0 (X11; Linux x86_64) AppleWebKit/537.36 (KHTML, like Gecko) Chrome/77.0.3865.120 Safari/537.36"
::1 - - [30/Oct/2019:15:46:22 +0000] "GET /post/Speaking/latest HTTP/1.1" 200 1158 "http://localhost:3000/" "Mozilla/5.0 (X11; Linux x86_64) AppleWebKit/537.36 (KHTML, like Gecko) Chrome/77.0.3865.120 Safari/537.36"
::1 - - [30/Oct/2019:15:46:24 +0000] "GET /post/Writing/latest HTTP/1.1" 200 2196 "http://localhost:3000/" "Mozilla/5.0 (X11; Linux x86_64) AppleWebKit/537.36 (KHTML, like Gecko) Chrome/77.0.3865.120 Safari/537.36"
::1 - - [30/Oct/2019:15:46:26 +0000] "GET /post/Reading/latest HTTP/1.1" 304 - "http://localhost:3000/" "Mozilla/5.0 (X11; Linux x86_64) AppleWebKit/537.36 (KHTML, like Gecko) Chrome/77.0.3865.120 Safari/537.36"
::1 - - [30/Oct/2019:15:46:34 +0000] "GET /post/Listening/latest HTTP/1.1" 304 - "http://localhost:3000/" "Mozilla/5.0 (X11; Linux x86_64) AppleWebKit/537.36 (KHTML, like Gecko) Chrome/77.0.3865.120 Safari/537.36"
::1 - - [30/Oct/2019:15:46:35 +0000] "GET /post/Reading/latest HTTP/1.1" 304 - "http://localhost:3000/" "Mozilla/5.0 (X11; Linux x86_64) AppleWebKit/537.36 (KHTML, like Gecko) Chrome/77.0.3865.120 Safari/537.36"
::1 - - [30/Oct/2019:15:46:37 +0000] "GET /post/Listening/latest HTTP/1.1" 304 - "http://localhost:3000/" "Mozilla/5.0 (X11; Linux x86_64) AppleWebKit/537.36 (KHTML, like Gecko) Chrome/77.0.3865.120 Safari/537.36"
::1 - - [30/Oct/2019:15:46:38 +0000] "GET /post/Speaking/latest HTTP/1.1" 304 - "http://localhost:3000/" "Mozilla/5.0 (X11; Linux x86_64) AppleWebKit/537.36 (KHTML, like Gecko) Chrome/77.0.3865.120 Safari/537.36"
::1 - - [30/Oct/2019:15:46:39 +0000] "GET /post/Writing/latest HTTP/1.1" 304 - "http://localhost:3000/" "Mozilla/5.0 (X11; Linux x86_64) AppleWebKit/537.36 (KHTML, like Gecko) Chrome/77.0.3865.120 Safari/537.36"
::1 - - [30/Oct/2019:15:47:40 +0000] "GET /post/Speaking/latest HTTP/1.1" 304 - "http://localhost:3000/" "Mozilla/5.0 (X11; Linux x86_64) AppleWebKit/537.36 (KHTML, like Gecko) Chrome/77.0.3865.120 Safari/537.36"
::1 - - [30/Oct/2019:15:47:42 +0000] "GET /post/Listening/latest HTTP/1.1" 304 - "http://localhost:3000/" "Mozilla/5.0 (X11; Linux x86_64) AppleWebKit/537.36 (KHTML, like Gecko) Chrome/77.0.3865.120 Safari/537.36"
::1 - - [30/Oct/2019:15:47:43 +0000] "GET /post/Reading/latest HTTP/1.1" 304 - "http://localhost:3000/" "Mozilla/5.0 (X11; Linux x86_64) AppleWebKit/537.36 (KHTML, like Gecko) Chrome/77.0.3865.120 Safari/537.36"
::1 - - [30/Oct/2019:15:47:44 +0000] "GET /post/Speaking/latest HTTP/1.1" 304 - "http://localhost:3000/" "Mozilla/5.0 (X11; Linux x86_64) AppleWebKit/537.36 (KHTML, like Gecko) Chrome/77.0.3865.120 Safari/537.36"
::1 - - [30/Oct/2019:15:47:46 +0000] "GET /post/Writing/latest HTTP/1.1" 304 - "http://localhost:3000/" "Mozilla/5.0 (X11; Linux x86_64) AppleWebKit/537.36 (KHTML, like Gecko) Chrome/77.0.3865.120 Safari/537.36"
::1 - - [30/Oct/2019:15:47:57 +0000] "GET /podcasts/latest HTTP/1.1" 304 - "http://localhost:3000/" "Mozilla/5.0 (X11; Linux x86_64) AppleWebKit/537.36 (KHTML, like Gecko) Chrome/77.0.3865.120 Safari/537.36"
::1 - - [30/Oct/2019:15:47:57 +0000] "GET /post/Reading/latest HTTP/1.1" 304 - "http://localhost:3000/" "Mozilla/5.0 (X11; Linux x86_64) AppleWebKit/537.36 (KHTML, like Gecko) Chrome/77.0.3865.120 Safari/537.36"
::1 - - [30/Oct/2019:15:53:26 +0000] "GET /podcasts/latest HTTP/1.1" 304 - "http://localhost:3000/" "Mozilla/5.0 (X11; Linux x86_64) AppleWebKit/537.36 (KHTML, like Gecko) Chrome/77.0.3865.120 Safari/537.36"
::1 - - [30/Oct/2019:15:53:26 +0000] "GET /post/Reading/latest HTTP/1.1" 304 - "http://localhost:3000/" "Mozilla/5.0 (X11; Linux x86_64) AppleWebKit/537.36 (KHTML, like Gecko) Chrome/77.0.3865.120 Safari/537.36"
::1 - - [30/Oct/2019:15:54:09 +0000] "GET /post/Listening/latest HTTP/1.1" 304 - "http://localhost:3000/" "Mozilla/5.0 (X11; Linux x86_64) AppleWebKit/537.36 (KHTML, like Gecko) Chrome/77.0.3865.120 Safari/537.36"
::1 - - [30/Oct/2019:15:54:10 +0000] "GET /post/Speaking/latest HTTP/1.1" 304 - "http://localhost:3000/" "Mozilla/5.0 (X11; Linux x86_64) AppleWebKit/537.36 (KHTML, like Gecko) Chrome/77.0.3865.120 Safari/537.36"
::1 - - [30/Oct/2019:15:54:11 +0000] "GET /post/Writing/latest HTTP/1.1" 304 - "http://localhost:3000/" "Mozilla/5.0 (X11; Linux x86_64) AppleWebKit/537.36 (KHTML, like Gecko) Chrome/77.0.3865.120 Safari/537.36"
::1 - - [30/Oct/2019:15:54:13 +0000] "GET /post/Reading/latest HTTP/1.1" 304 - "http://localhost:3000/" "Mozilla/5.0 (X11; Linux x86_64) AppleWebKit/537.36 (KHTML, like Gecko) Chrome/77.0.3865.120 Safari/537.36"
::1 - - [30/Oct/2019:15:54:14 +0000] "GET /post/Listening/latest HTTP/1.1" 304 - "http://localhost:3000/" "Mozilla/5.0 (X11; Linux x86_64) AppleWebKit/537.36 (KHTML, like Gecko) Chrome/77.0.3865.120 Safari/537.36"
::1 - - [30/Oct/2019:15:54:15 +0000] "GET /post/Speaking/latest HTTP/1.1" 304 - "http://localhost:3000/" "Mozilla/5.0 (X11; Linux x86_64) AppleWebKit/537.36 (KHTML, like Gecko) Chrome/77.0.3865.120 Safari/537.36"
::1 - - [30/Oct/2019:15:54:17 +0000] "GET /post/Writing/latest HTTP/1.1" 304 - "http://localhost:3000/" "Mozilla/5.0 (X11; Linux x86_64) AppleWebKit/537.36 (KHTML, like Gecko) Chrome/77.0.3865.120 Safari/537.36"
::1 - - [30/Oct/2019:15:54:19 +0000] "GET /post/Listening/latest HTTP/1.1" 304 - "http://localhost:3000/" "Mozilla/5.0 (X11; Linux x86_64) AppleWebKit/537.36 (KHTML, like Gecko) Chrome/77.0.3865.120 Safari/537.36"
::1 - - [30/Oct/2019:15:54:20 +0000] "GET /post/Reading/latest HTTP/1.1" 304 - "http://localhost:3000/" "Mozilla/5.0 (X11; Linux x86_64) AppleWebKit/537.36 (KHTML, like Gecko) Chrome/77.0.3865.120 Safari/537.36"
